[2022-07-28T13:39:24Z INFO  sra_search] Loading queries
[2022-07-28T13:39:24Z INFO  sra_search] Loaded 4 query signatures
[2022-07-28T13:39:24Z INFO  sra_search] Loading siglist
[2022-07-28T13:39:25Z INFO  sra_search] Loaded 767277 sig paths in siglist
[2022-07-28T13:39:25Z INFO  sra_search] Processed 0 search sigs
[2022-07-28T13:41:05Z INFO  sra_search] Processed 1000 search sigs
[2022-07-28T13:43:03Z INFO  sra_search] Processed 2000 search sigs
[2022-07-28T13:44:58Z INFO  sra_search] Processed 3000 search sigs
[2022-07-28T13:46:36Z INFO  sra_search] Processed 4000 search sigs
[2022-07-28T13:48:22Z INFO  sra_search] Processed 5000 search sigs
[2022-07-28T13:50:05Z INFO  sra_search] Processed 6000 search sigs
[2022-07-28T13:51:26Z INFO  sra_search] Processed 7000 search sigs
[2022-07-28T13:52:47Z INFO  sra_search] Processed 8000 search sigs
[2022-07-28T13:54:30Z INFO  sra_search] Processed 9000 search sigs
[2022-07-28T13:56:25Z INFO  sra_search] Processed 10000 search sigs
[2022-07-28T13:58:28Z INFO  sra_search] Processed 11000 search sigs
[2022-07-28T14:00:26Z INFO  sra_search] Processed 12000 search sigs
[2022-07-28T14:02:04Z INFO  sra_search] Processed 13000 search sigs
[2022-07-28T14:03:40Z INFO  sra_search] Processed 14000 search sigs
[2022-07-28T14:05:36Z INFO  sra_search] Processed 15000 search sigs
[2022-07-28T14:07:30Z INFO  sra_search] Processed 16000 search sigs
[2022-07-28T14:09:30Z INFO  sra_search] Processed 17000 search sigs
[2022-07-28T14:11:14Z INFO  sra_search] Processed 18000 search sigs
[2022-07-28T14:13:09Z INFO  sra_search] Processed 19000 search sigs
[2022-07-28T14:14:55Z INFO  sra_search] Processed 20000 search sigs
[2022-07-28T14:16:46Z INFO  sra_search] Processed 21000 search sigs
[2022-07-28T14:18:40Z INFO  sra_search] Processed 22000 search sigs
[2022-07-28T14:20:32Z INFO  sra_search] Processed 23000 search sigs
[2022-07-28T14:22:24Z INFO  sra_search] Processed 24000 search sigs
[2022-07-28T14:24:08Z INFO  sra_search] Processed 25000 search sigs
[2022-07-28T14:25:49Z INFO  sra_search] Processed 26000 search sigs
[2022-07-28T14:27:39Z INFO  sra_search] Processed 27000 search sigs
[2022-07-28T14:29:47Z INFO  sra_search] Processed 28000 search sigs
[2022-07-28T14:31:47Z INFO  sra_search] Processed 29000 search sigs
[2022-07-28T14:33:33Z INFO  sra_search] Processed 30000 search sigs
[2022-07-28T14:35:26Z INFO  sra_search] Processed 31000 search sigs
[2022-07-28T14:37:01Z INFO  sra_search] Processed 32000 search sigs
[2022-07-28T14:38:50Z INFO  sra_search] Processed 33000 search sigs
[2022-07-28T14:40:29Z INFO  sra_search] Processed 34000 search sigs
[2022-07-28T14:42:24Z INFO  sra_search] Processed 35000 search sigs
[2022-07-28T14:44:08Z INFO  sra_search] Processed 36000 search sigs
[2022-07-28T14:46:00Z INFO  sra_search] Processed 37000 search sigs
[2022-07-28T14:47:56Z INFO  sra_search] Processed 38000 search sigs
[2022-07-28T14:49:43Z INFO  sra_search] Processed 39000 search sigs
[2022-07-28T14:51:55Z INFO  sra_search] Processed 40000 search sigs
[2022-07-28T14:53:40Z INFO  sra_search] Processed 41000 search sigs
[2022-07-28T14:55:33Z INFO  sra_search] Processed 42000 search sigs
[2022-07-28T14:57:29Z INFO  sra_search] Processed 43000 search sigs
[2022-07-28T14:59:18Z INFO  sra_search] Processed 44000 search sigs
[2022-07-28T15:01:09Z INFO  sra_search] Processed 45000 search sigs
[2022-07-28T15:03:03Z INFO  sra_search] Processed 46000 search sigs
[2022-07-28T15:04:55Z INFO  sra_search] Processed 47000 search sigs
[2022-07-28T15:06:24Z INFO  sra_search] Processed 48000 search sigs
[2022-07-28T15:08:17Z INFO  sra_search] Processed 49000 search sigs
[2022-07-28T15:10:27Z INFO  sra_search] Processed 50000 search sigs
[2022-07-28T15:12:27Z INFO  sra_search] Processed 51000 search sigs
[2022-07-28T15:14:17Z INFO  sra_search] Processed 52000 search sigs
[2022-07-28T15:16:15Z INFO  sra_search] Processed 53000 search sigs
[2022-07-28T15:18:26Z INFO  sra_search] Processed 54000 search sigs
[2022-07-28T15:20:08Z INFO  sra_search] Processed 55000 search sigs
[2022-07-28T15:21:33Z INFO  sra_search] Processed 56000 search sigs
[2022-07-28T15:23:26Z INFO  sra_search] Processed 57000 search sigs
[2022-07-28T15:25:30Z INFO  sra_search] Processed 58000 search sigs
[2022-07-28T15:27:17Z INFO  sra_search] Processed 59000 search sigs
[2022-07-28T15:29:09Z INFO  sra_search] Processed 60000 search sigs
[2022-07-28T15:30:59Z INFO  sra_search] Processed 61000 search sigs
[2022-07-28T15:33:09Z INFO  sra_search] Processed 62000 search sigs
[2022-07-28T15:34:46Z INFO  sra_search] Processed 63000 search sigs
[2022-07-28T15:36:45Z INFO  sra_search] Processed 64000 search sigs
[2022-07-28T15:38:40Z INFO  sra_search] Processed 65000 search sigs
[2022-07-28T15:40:44Z INFO  sra_search] Processed 66000 search sigs
[2022-07-28T15:42:24Z INFO  sra_search] Processed 67000 search sigs
[2022-07-28T15:44:13Z INFO  sra_search] Processed 68000 search sigs
[2022-07-28T15:45:56Z INFO  sra_search] Processed 69000 search sigs
[2022-07-28T15:47:56Z INFO  sra_search] Processed 70000 search sigs
[2022-07-28T15:49:48Z INFO  sra_search] Processed 71000 search sigs
[2022-07-28T15:51:38Z INFO  sra_search] Processed 72000 search sigs
[2022-07-28T15:53:29Z INFO  sra_search] Processed 73000 search sigs
[2022-07-28T15:55:09Z INFO  sra_search] Processed 74000 search sigs
[2022-07-28T15:56:41Z INFO  sra_search] Processed 75000 search sigs
[2022-07-28T15:58:20Z INFO  sra_search] Processed 76000 search sigs
[2022-07-28T16:00:37Z INFO  sra_search] Processed 77000 search sigs
[2022-07-28T16:02:20Z INFO  sra_search] Processed 78000 search sigs
[2022-07-28T16:04:01Z INFO  sra_search] Processed 79000 search sigs
[2022-07-28T16:05:34Z INFO  sra_search] Processed 80000 search sigs
[2022-07-28T16:07:20Z INFO  sra_search] Processed 81000 search sigs
[2022-07-28T16:08:54Z INFO  sra_search] Processed 82000 search sigs
[2022-07-28T16:10:44Z INFO  sra_search] Processed 83000 search sigs
[2022-07-28T16:12:42Z INFO  sra_search] Processed 84000 search sigs
[2022-07-28T16:14:25Z INFO  sra_search] Processed 85000 search sigs
[2022-07-28T16:16:20Z INFO  sra_search] Processed 86000 search sigs
[2022-07-28T16:18:00Z INFO  sra_search] Processed 87000 search sigs
[2022-07-28T16:19:57Z INFO  sra_search] Processed 88000 search sigs
[2022-07-28T16:21:39Z INFO  sra_search] Processed 89000 search sigs
[2022-07-28T16:23:37Z INFO  sra_search] Processed 90000 search sigs
[2022-07-28T16:25:30Z INFO  sra_search] Processed 91000 search sigs
[2022-07-28T16:27:22Z INFO  sra_search] Processed 92000 search sigs
[2022-07-28T16:28:57Z INFO  sra_search] Processed 93000 search sigs
[2022-07-28T16:30:34Z INFO  sra_search] Processed 94000 search sigs
[2022-07-28T16:32:12Z INFO  sra_search] Processed 95000 search sigs
[2022-07-28T16:33:58Z INFO  sra_search] Processed 96000 search sigs
[2022-07-28T16:35:40Z INFO  sra_search] Processed 97000 search sigs
[2022-07-28T16:37:16Z INFO  sra_search] Processed 98000 search sigs
[2022-07-28T16:38:46Z INFO  sra_search] Processed 99000 search sigs
[2022-07-28T16:40:52Z INFO  sra_search] Processed 100000 search sigs
[2022-07-28T16:42:24Z INFO  sra_search] Processed 101000 search sigs
[2022-07-28T16:44:05Z INFO  sra_search] Processed 102000 search sigs
[2022-07-28T16:45:57Z INFO  sra_search] Processed 103000 search sigs
[2022-07-28T16:47:49Z INFO  sra_search] Processed 104000 search sigs
[2022-07-28T16:49:24Z INFO  sra_search] Processed 105000 search sigs
[2022-07-28T16:51:32Z INFO  sra_search] Processed 106000 search sigs
[2022-07-28T16:53:30Z INFO  sra_search] Processed 107000 search sigs
[2022-07-28T16:55:29Z INFO  sra_search] Processed 108000 search sigs
[2022-07-28T16:57:06Z INFO  sra_search] Processed 109000 search sigs
[2022-07-28T16:59:16Z INFO  sra_search] Processed 110000 search sigs
[2022-07-28T17:01:25Z INFO  sra_search] Processed 111000 search sigs
[2022-07-28T17:03:09Z INFO  sra_search] Processed 112000 search sigs
[2022-07-28T17:04:34Z INFO  sra_search] Processed 113000 search sigs
[2022-07-28T17:06:26Z INFO  sra_search] Processed 114000 search sigs
[2022-07-28T17:08:10Z INFO  sra_search] Processed 115000 search sigs
[2022-07-28T17:09:55Z INFO  sra_search] Processed 116000 search sigs
[2022-07-28T17:11:38Z INFO  sra_search] Processed 117000 search sigs
[2022-07-28T17:13:52Z INFO  sra_search] Processed 118000 search sigs
[2022-07-28T17:15:27Z INFO  sra_search] Processed 119000 search sigs
[2022-07-28T17:17:09Z INFO  sra_search] Processed 120000 search sigs
[2022-07-28T17:19:06Z INFO  sra_search] Processed 121000 search sigs
[2022-07-28T17:20:56Z INFO  sra_search] Processed 122000 search sigs
[2022-07-28T17:23:06Z INFO  sra_search] Processed 123000 search sigs
[2022-07-28T17:24:52Z INFO  sra_search] Processed 124000 search sigs
[2022-07-28T17:26:40Z INFO  sra_search] Processed 125000 search sigs
[2022-07-28T17:28:54Z INFO  sra_search] Processed 126000 search sigs
[2022-07-28T17:30:38Z INFO  sra_search] Processed 127000 search sigs
[2022-07-28T17:32:34Z INFO  sra_search] Processed 128000 search sigs
[2022-07-28T17:34:20Z INFO  sra_search] Processed 129000 search sigs
[2022-07-28T17:36:00Z INFO  sra_search] Processed 130000 search sigs
[2022-07-28T17:37:50Z INFO  sra_search] Processed 131000 search sigs
[2022-07-28T17:39:40Z INFO  sra_search] Processed 132000 search sigs
[2022-07-28T17:41:18Z INFO  sra_search] Processed 133000 search sigs
[2022-07-28T17:43:14Z INFO  sra_search] Processed 134000 search sigs
[2022-07-28T17:44:56Z INFO  sra_search] Processed 135000 search sigs
[2022-07-28T17:46:54Z INFO  sra_search] Processed 136000 search sigs
[2022-07-28T17:48:47Z INFO  sra_search] Processed 137000 search sigs
[2022-07-28T17:50:38Z INFO  sra_search] Processed 138000 search sigs
[2022-07-28T17:52:02Z INFO  sra_search] Processed 139000 search sigs
[2022-07-28T17:53:54Z INFO  sra_search] Processed 140000 search sigs
[2022-07-28T17:55:57Z INFO  sra_search] Processed 141000 search sigs
[2022-07-28T17:57:48Z INFO  sra_search] Processed 142000 search sigs
[2022-07-28T17:59:31Z INFO  sra_search] Processed 143000 search sigs
[2022-07-28T18:01:31Z INFO  sra_search] Processed 144000 search sigs
[2022-07-28T18:03:13Z INFO  sra_search] Processed 145000 search sigs
[2022-07-28T18:04:51Z INFO  sra_search] Processed 146000 search sigs
[2022-07-28T18:06:33Z INFO  sra_search] Processed 147000 search sigs
[2022-07-28T18:08:17Z INFO  sra_search] Processed 148000 search sigs
[2022-07-28T18:10:11Z INFO  sra_search] Processed 149000 search sigs
[2022-07-28T18:12:08Z INFO  sra_search] Processed 150000 search sigs
[2022-07-28T18:14:18Z INFO  sra_search] Processed 151000 search sigs
[2022-07-28T18:16:41Z INFO  sra_search] Processed 152000 search sigs
[2022-07-28T18:18:38Z INFO  sra_search] Processed 153000 search sigs
[2022-07-28T18:20:35Z INFO  sra_search] Processed 154000 search sigs
[2022-07-28T18:22:27Z INFO  sra_search] Processed 155000 search sigs
[2022-07-28T18:24:06Z INFO  sra_search] Processed 156000 search sigs
[2022-07-28T18:25:49Z INFO  sra_search] Processed 157000 search sigs
[2022-07-28T18:27:40Z INFO  sra_search] Processed 158000 search sigs
[2022-07-28T18:29:38Z INFO  sra_search] Processed 159000 search sigs
[2022-07-28T18:31:23Z INFO  sra_search] Processed 160000 search sigs
[2022-07-28T18:33:11Z INFO  sra_search] Processed 161000 search sigs
[2022-07-28T18:35:08Z INFO  sra_search] Processed 162000 search sigs
[2022-07-28T18:37:11Z INFO  sra_search] Processed 163000 search sigs
[2022-07-28T18:39:01Z INFO  sra_search] Processed 164000 search sigs
[2022-07-28T18:40:42Z INFO  sra_search] Processed 165000 search sigs
[2022-07-28T18:42:29Z INFO  sra_search] Processed 166000 search sigs
[2022-07-28T18:44:29Z INFO  sra_search] Processed 167000 search sigs
[2022-07-28T18:46:18Z INFO  sra_search] Processed 168000 search sigs
[2022-07-28T18:48:04Z INFO  sra_search] Processed 169000 search sigs
[2022-07-28T18:50:18Z INFO  sra_search] Processed 170000 search sigs
[2022-07-28T18:52:23Z INFO  sra_search] Processed 171000 search sigs
[2022-07-28T18:54:27Z INFO  sra_search] Processed 172000 search sigs
[2022-07-28T18:56:20Z INFO  sra_search] Processed 173000 search sigs
[2022-07-28T18:58:34Z INFO  sra_search] Processed 174000 search sigs
[2022-07-28T19:00:22Z INFO  sra_search] Processed 175000 search sigs
[2022-07-28T19:02:12Z INFO  sra_search] Processed 176000 search sigs
[2022-07-28T19:03:54Z INFO  sra_search] Processed 177000 search sigs
[2022-07-28T19:05:55Z INFO  sra_search] Processed 178000 search sigs
[2022-07-28T19:07:37Z INFO  sra_search] Processed 179000 search sigs
[2022-07-28T19:09:30Z INFO  sra_search] Processed 180000 search sigs
[2022-07-28T19:11:13Z INFO  sra_search] Processed 181000 search sigs
[2022-07-28T19:12:54Z INFO  sra_search] Processed 182000 search sigs
[2022-07-28T19:14:59Z INFO  sra_search] Processed 183000 search sigs
[2022-07-28T19:16:44Z INFO  sra_search] Processed 184000 search sigs
[2022-07-28T19:18:46Z INFO  sra_search] Processed 185000 search sigs
[2022-07-28T19:20:56Z INFO  sra_search] Processed 186000 search sigs
[2022-07-28T19:23:02Z INFO  sra_search] Processed 187000 search sigs
[2022-07-28T19:25:01Z INFO  sra_search] Processed 188000 search sigs
[2022-07-28T19:27:00Z INFO  sra_search] Processed 189000 search sigs
[2022-07-28T19:28:42Z INFO  sra_search] Processed 190000 search sigs
[2022-07-28T19:30:36Z INFO  sra_search] Processed 191000 search sigs
[2022-07-28T19:32:31Z INFO  sra_search] Processed 192000 search sigs
[2022-07-28T19:34:20Z INFO  sra_search] Processed 193000 search sigs
[2022-07-28T19:36:05Z INFO  sra_search] Processed 194000 search sigs
[2022-07-28T19:37:52Z INFO  sra_search] Processed 195000 search sigs
[2022-07-28T19:39:48Z INFO  sra_search] Processed 196000 search sigs
[2022-07-28T19:42:05Z INFO  sra_search] Processed 197000 search sigs
[2022-07-28T19:44:00Z INFO  sra_search] Processed 198000 search sigs
[2022-07-28T19:46:00Z INFO  sra_search] Processed 199000 search sigs
[2022-07-28T19:48:08Z INFO  sra_search] Processed 200000 search sigs
[2022-07-28T19:49:52Z INFO  sra_search] Processed 201000 search sigs
[2022-07-28T19:51:49Z INFO  sra_search] Processed 202000 search sigs
[2022-07-28T19:53:27Z INFO  sra_search] Processed 203000 search sigs
[2022-07-28T19:55:06Z INFO  sra_search] Processed 204000 search sigs
[2022-07-28T19:56:58Z INFO  sra_search] Processed 205000 search sigs
[2022-07-28T19:58:50Z INFO  sra_search] Processed 206000 search sigs
[2022-07-28T20:00:43Z INFO  sra_search] Processed 207000 search sigs
[2022-07-28T20:02:28Z INFO  sra_search] Processed 208000 search sigs
[2022-07-28T20:04:02Z INFO  sra_search] Processed 209000 search sigs
[2022-07-28T20:06:09Z INFO  sra_search] Processed 210000 search sigs
[2022-07-28T20:08:32Z INFO  sra_search] Processed 211000 search sigs
[2022-07-28T20:10:44Z INFO  sra_search] Processed 212000 search sigs
[2022-07-28T20:12:34Z INFO  sra_search] Processed 213000 search sigs
[2022-07-28T20:14:20Z INFO  sra_search] Processed 214000 search sigs
[2022-07-28T20:16:14Z INFO  sra_search] Processed 215000 search sigs
[2022-07-28T20:18:24Z INFO  sra_search] Processed 216000 search sigs
[2022-07-28T20:20:15Z INFO  sra_search] Processed 217000 search sigs
[2022-07-28T20:22:14Z INFO  sra_search] Processed 218000 search sigs
[2022-07-28T20:24:15Z INFO  sra_search] Processed 219000 search sigs
[2022-07-28T20:25:54Z INFO  sra_search] Processed 220000 search sigs
[2022-07-28T20:27:48Z INFO  sra_search] Processed 221000 search sigs
[2022-07-28T20:29:40Z INFO  sra_search] Processed 222000 search sigs
[2022-07-28T20:31:37Z INFO  sra_search] Processed 223000 search sigs
[2022-07-28T20:33:34Z INFO  sra_search] Processed 224000 search sigs
[2022-07-28T20:35:36Z INFO  sra_search] Processed 225000 search sigs
[2022-07-28T20:37:20Z INFO  sra_search] Processed 226000 search sigs
[2022-07-28T20:39:02Z INFO  sra_search] Processed 227000 search sigs
[2022-07-28T20:40:57Z INFO  sra_search] Processed 228000 search sigs
[2022-07-28T20:42:44Z INFO  sra_search] Processed 229000 search sigs
[2022-07-28T20:44:44Z INFO  sra_search] Processed 230000 search sigs
[2022-07-28T20:46:20Z INFO  sra_search] Processed 231000 search sigs
[2022-07-28T20:48:10Z INFO  sra_search] Processed 232000 search sigs
[2022-07-28T20:49:54Z INFO  sra_search] Processed 233000 search sigs
[2022-07-28T20:51:51Z INFO  sra_search] Processed 234000 search sigs
[2022-07-28T20:53:43Z INFO  sra_search] Processed 235000 search sigs
[2022-07-28T20:55:43Z INFO  sra_search] Processed 236000 search sigs
[2022-07-28T20:57:38Z INFO  sra_search] Processed 237000 search sigs
[2022-07-28T20:59:47Z INFO  sra_search] Processed 238000 search sigs
[2022-07-28T21:01:38Z INFO  sra_search] Processed 239000 search sigs
[2022-07-28T21:03:14Z INFO  sra_search] Processed 240000 search sigs
[2022-07-28T21:05:02Z INFO  sra_search] Processed 241000 search sigs
[2022-07-28T21:06:47Z INFO  sra_search] Processed 242000 search sigs
[2022-07-28T21:08:32Z INFO  sra_search] Processed 243000 search sigs
[2022-07-28T21:10:34Z INFO  sra_search] Processed 244000 search sigs
[2022-07-28T21:12:25Z INFO  sra_search] Processed 245000 search sigs
[2022-07-28T21:14:15Z INFO  sra_search] Processed 246000 search sigs
[2022-07-28T21:15:51Z INFO  sra_search] Processed 247000 search sigs
[2022-07-28T21:17:18Z INFO  sra_search] Processed 248000 search sigs
[2022-07-28T21:18:48Z INFO  sra_search] Processed 249000 search sigs
[2022-07-28T21:20:51Z INFO  sra_search] Processed 250000 search sigs
[2022-07-28T21:22:59Z INFO  sra_search] Processed 251000 search sigs
[2022-07-28T21:24:49Z INFO  sra_search] Processed 252000 search sigs
[2022-07-28T21:26:34Z INFO  sra_search] Processed 253000 search sigs
[2022-07-28T21:28:32Z INFO  sra_search] Processed 254000 search sigs
[2022-07-28T21:30:30Z INFO  sra_search] Processed 255000 search sigs
[2022-07-28T21:32:13Z INFO  sra_search] Processed 256000 search sigs
[2022-07-28T21:33:43Z INFO  sra_search] Processed 257000 search sigs
[2022-07-28T21:35:19Z INFO  sra_search] Processed 258000 search sigs
[2022-07-28T21:37:17Z INFO  sra_search] Processed 259000 search sigs
[2022-07-28T21:39:12Z INFO  sra_search] Processed 260000 search sigs
[2022-07-28T21:40:53Z INFO  sra_search] Processed 261000 search sigs
[2022-07-28T21:42:42Z INFO  sra_search] Processed 262000 search sigs
[2022-07-28T21:44:43Z INFO  sra_search] Processed 263000 search sigs
[2022-07-28T21:46:35Z INFO  sra_search] Processed 264000 search sigs
[2022-07-28T21:48:10Z INFO  sra_search] Processed 265000 search sigs
[2022-07-28T21:50:10Z INFO  sra_search] Processed 266000 search sigs
[2022-07-28T21:52:17Z INFO  sra_search] Processed 267000 search sigs
[2022-07-28T21:54:01Z INFO  sra_search] Processed 268000 search sigs
[2022-07-28T21:56:00Z INFO  sra_search] Processed 269000 search sigs
[2022-07-28T21:57:47Z INFO  sra_search] Processed 270000 search sigs
[2022-07-28T21:59:55Z INFO  sra_search] Processed 271000 search sigs
[2022-07-28T22:02:04Z INFO  sra_search] Processed 272000 search sigs
[2022-07-28T22:04:07Z INFO  sra_search] Processed 273000 search sigs
[2022-07-28T22:06:29Z INFO  sra_search] Processed 274000 search sigs
[2022-07-28T22:08:47Z INFO  sra_search] Processed 275000 search sigs
[2022-07-28T22:10:51Z INFO  sra_search] Processed 276000 search sigs
[2022-07-28T22:12:39Z INFO  sra_search] Processed 277000 search sigs
[2022-07-28T22:14:39Z INFO  sra_search] Processed 278000 search sigs
[2022-07-28T22:16:29Z INFO  sra_search] Processed 279000 search sigs
[2022-07-28T22:18:14Z INFO  sra_search] Processed 280000 search sigs
[2022-07-28T22:20:18Z INFO  sra_search] Processed 281000 search sigs
[2022-07-28T22:22:00Z INFO  sra_search] Processed 282000 search sigs
[2022-07-28T22:23:59Z INFO  sra_search] Processed 283000 search sigs
[2022-07-28T22:26:02Z INFO  sra_search] Processed 284000 search sigs
[2022-07-28T22:27:50Z INFO  sra_search] Processed 285000 search sigs
[2022-07-28T22:29:39Z INFO  sra_search] Processed 286000 search sigs
[2022-07-28T22:31:30Z INFO  sra_search] Processed 287000 search sigs
[2022-07-28T22:33:25Z INFO  sra_search] Processed 288000 search sigs
[2022-07-28T22:35:22Z INFO  sra_search] Processed 289000 search sigs
[2022-07-28T22:37:29Z INFO  sra_search] Processed 290000 search sigs
[2022-07-28T22:39:33Z INFO  sra_search] Processed 291000 search sigs
[2022-07-28T22:41:45Z INFO  sra_search] Processed 292000 search sigs
[2022-07-28T22:43:19Z INFO  sra_search] Processed 293000 search sigs
[2022-07-28T22:45:14Z INFO  sra_search] Processed 294000 search sigs
[2022-07-28T22:47:16Z INFO  sra_search] Processed 295000 search sigs
[2022-07-28T22:49:10Z INFO  sra_search] Processed 296000 search sigs
[2022-07-28T22:51:05Z INFO  sra_search] Processed 297000 search sigs
[2022-07-28T22:53:12Z INFO  sra_search] Processed 298000 search sigs
[2022-07-28T22:55:15Z INFO  sra_search] Processed 299000 search sigs
[2022-07-28T22:57:13Z INFO  sra_search] Processed 300000 search sigs
[2022-07-28T22:59:11Z INFO  sra_search] Processed 301000 search sigs
[2022-07-28T23:00:49Z INFO  sra_search] Processed 302000 search sigs
[2022-07-28T23:02:44Z INFO  sra_search] Processed 303000 search sigs
[2022-07-28T23:04:56Z INFO  sra_search] Processed 304000 search sigs
[2022-07-28T23:06:39Z INFO  sra_search] Processed 305000 search sigs
[2022-07-28T23:08:09Z INFO  sra_search] Processed 306000 search sigs
[2022-07-28T23:10:10Z INFO  sra_search] Processed 307000 search sigs
[2022-07-28T23:12:02Z INFO  sra_search] Processed 308000 search sigs
[2022-07-28T23:14:06Z INFO  sra_search] Processed 309000 search sigs
[2022-07-28T23:16:15Z INFO  sra_search] Processed 310000 search sigs
[2022-07-28T23:18:16Z INFO  sra_search] Processed 311000 search sigs
[2022-07-28T23:20:08Z INFO  sra_search] Processed 312000 search sigs
[2022-07-28T23:21:50Z INFO  sra_search] Processed 313000 search sigs
[2022-07-28T23:23:49Z INFO  sra_search] Processed 314000 search sigs
[2022-07-28T23:25:45Z INFO  sra_search] Processed 315000 search sigs
[2022-07-28T23:27:33Z INFO  sra_search] Processed 316000 search sigs
[2022-07-28T23:29:15Z INFO  sra_search] Processed 317000 search sigs
[2022-07-28T23:31:28Z INFO  sra_search] Processed 318000 search sigs
[2022-07-28T23:33:06Z INFO  sra_search] Processed 319000 search sigs
[2022-07-28T23:35:06Z INFO  sra_search] Processed 320000 search sigs
[2022-07-28T23:36:52Z INFO  sra_search] Processed 321000 search sigs
[2022-07-28T23:39:01Z INFO  sra_search] Processed 322000 search sigs
[2022-07-28T23:40:41Z INFO  sra_search] Processed 323000 search sigs
[2022-07-28T23:42:41Z INFO  sra_search] Processed 324000 search sigs
[2022-07-28T23:44:37Z INFO  sra_search] Processed 325000 search sigs
[2022-07-28T23:46:32Z INFO  sra_search] Processed 326000 search sigs
[2022-07-28T23:48:50Z INFO  sra_search] Processed 327000 search sigs
[2022-07-28T23:51:15Z INFO  sra_search] Processed 328000 search sigs
[2022-07-28T23:53:08Z INFO  sra_search] Processed 329000 search sigs
[2022-07-28T23:55:10Z INFO  sra_search] Processed 330000 search sigs
[2022-07-28T23:56:57Z INFO  sra_search] Processed 331000 search sigs
[2022-07-28T23:58:52Z INFO  sra_search] Processed 332000 search sigs
[2022-07-29T00:00:46Z INFO  sra_search] Processed 333000 search sigs
[2022-07-29T00:02:17Z INFO  sra_search] Processed 334000 search sigs
[2022-07-29T00:03:55Z INFO  sra_search] Processed 335000 search sigs
[2022-07-29T00:05:51Z INFO  sra_search] Processed 336000 search sigs
[2022-07-29T00:07:41Z INFO  sra_search] Processed 337000 search sigs
[2022-07-29T00:09:27Z INFO  sra_search] Processed 338000 search sigs
[2022-07-29T00:11:23Z INFO  sra_search] Processed 339000 search sigs
[2022-07-29T00:13:09Z INFO  sra_search] Processed 340000 search sigs
[2022-07-29T00:15:10Z INFO  sra_search] Processed 341000 search sigs
[2022-07-29T00:17:13Z INFO  sra_search] Processed 342000 search sigs
[2022-07-29T00:19:15Z INFO  sra_search] Processed 343000 search sigs
[2022-07-29T00:20:54Z INFO  sra_search] Processed 344000 search sigs
[2022-07-29T00:22:46Z INFO  sra_search] Processed 345000 search sigs
[2022-07-29T00:24:43Z INFO  sra_search] Processed 346000 search sigs
[2022-07-29T00:27:09Z INFO  sra_search] Processed 347000 search sigs
[2022-07-29T00:29:04Z INFO  sra_search] Processed 348000 search sigs
[2022-07-29T00:30:49Z INFO  sra_search] Processed 349000 search sigs
[2022-07-29T00:32:29Z INFO  sra_search] Processed 350000 search sigs
[2022-07-29T00:34:06Z INFO  sra_search] Processed 351000 search sigs
[2022-07-29T00:35:50Z INFO  sra_search] Processed 352000 search sigs
[2022-07-29T00:37:38Z INFO  sra_search] Processed 353000 search sigs
[2022-07-29T00:39:33Z INFO  sra_search] Processed 354000 search sigs
[2022-07-29T00:41:10Z INFO  sra_search] Processed 355000 search sigs
[2022-07-29T00:43:12Z INFO  sra_search] Processed 356000 search sigs
[2022-07-29T00:45:15Z INFO  sra_search] Processed 357000 search sigs
[2022-07-29T00:46:52Z INFO  sra_search] Processed 358000 search sigs
[2022-07-29T00:48:45Z INFO  sra_search] Processed 359000 search sigs
[2022-07-29T00:50:31Z INFO  sra_search] Processed 360000 search sigs
[2022-07-29T00:52:22Z INFO  sra_search] Processed 361000 search sigs
[2022-07-29T00:54:22Z INFO  sra_search] Processed 362000 search sigs
[2022-07-29T00:56:04Z INFO  sra_search] Processed 363000 search sigs
[2022-07-29T00:57:51Z INFO  sra_search] Processed 364000 search sigs
[2022-07-29T00:59:35Z INFO  sra_search] Processed 365000 search sigs
[2022-07-29T01:01:35Z INFO  sra_search] Processed 366000 search sigs
[2022-07-29T01:03:36Z INFO  sra_search] Processed 367000 search sigs
[2022-07-29T01:05:23Z INFO  sra_search] Processed 368000 search sigs
[2022-07-29T01:07:22Z INFO  sra_search] Processed 369000 search sigs
[2022-07-29T01:09:17Z INFO  sra_search] Processed 370000 search sigs
[2022-07-29T01:11:28Z INFO  sra_search] Processed 371000 search sigs
[2022-07-29T01:13:39Z INFO  sra_search] Processed 372000 search sigs
[2022-07-29T01:15:41Z INFO  sra_search] Processed 373000 search sigs
[2022-07-29T01:17:27Z INFO  sra_search] Processed 374000 search sigs
[2022-07-29T01:19:11Z INFO  sra_search] Processed 375000 search sigs
[2022-07-29T01:21:07Z INFO  sra_search] Processed 376000 search sigs
[2022-07-29T01:23:12Z INFO  sra_search] Processed 377000 search sigs
[2022-07-29T01:25:10Z INFO  sra_search] Processed 378000 search sigs
[2022-07-29T01:27:12Z INFO  sra_search] Processed 379000 search sigs
[2022-07-29T01:29:14Z INFO  sra_search] Processed 380000 search sigs
[2022-07-29T01:30:58Z INFO  sra_search] Processed 381000 search sigs
[2022-07-29T01:32:50Z INFO  sra_search] Processed 382000 search sigs
[2022-07-29T01:34:42Z INFO  sra_search] Processed 383000 search sigs
[2022-07-29T01:36:22Z INFO  sra_search] Processed 384000 search sigs
[2022-07-29T01:38:11Z INFO  sra_search] Processed 385000 search sigs
[2022-07-29T01:40:10Z INFO  sra_search] Processed 386000 search sigs
[2022-07-29T01:41:47Z INFO  sra_search] Processed 387000 search sigs
[2022-07-29T01:43:38Z INFO  sra_search] Processed 388000 search sigs
[2022-07-29T01:45:32Z INFO  sra_search] Processed 389000 search sigs
[2022-07-29T01:47:47Z INFO  sra_search] Processed 390000 search sigs
[2022-07-29T01:49:34Z INFO  sra_search] Processed 391000 search sigs
[2022-07-29T01:51:45Z INFO  sra_search] Processed 392000 search sigs
[2022-07-29T01:53:39Z INFO  sra_search] Processed 393000 search sigs
[2022-07-29T01:55:43Z INFO  sra_search] Processed 394000 search sigs
[2022-07-29T01:57:33Z INFO  sra_search] Processed 395000 search sigs
[2022-07-29T01:59:23Z INFO  sra_search] Processed 396000 search sigs
[2022-07-29T02:01:13Z INFO  sra_search] Processed 397000 search sigs
[2022-07-29T02:02:43Z INFO  sra_search] Processed 398000 search sigs
[2022-07-29T02:04:21Z INFO  sra_search] Processed 399000 search sigs
[2022-07-29T02:05:53Z INFO  sra_search] Processed 400000 search sigs
[2022-07-29T02:07:29Z INFO  sra_search] Processed 401000 search sigs
[2022-07-29T02:09:28Z INFO  sra_search] Processed 402000 search sigs
[2022-07-29T02:11:10Z INFO  sra_search] Processed 403000 search sigs
[2022-07-29T02:12:48Z INFO  sra_search] Processed 404000 search sigs
[2022-07-29T02:14:42Z INFO  sra_search] Processed 405000 search sigs
[2022-07-29T02:16:56Z INFO  sra_search] Processed 406000 search sigs
[2022-07-29T02:19:20Z INFO  sra_search] Processed 407000 search sigs
[2022-07-29T02:21:32Z INFO  sra_search] Processed 408000 search sigs
[2022-07-29T02:23:10Z INFO  sra_search] Processed 409000 search sigs
[2022-07-29T02:25:11Z INFO  sra_search] Processed 410000 search sigs
[2022-07-29T02:27:17Z INFO  sra_search] Processed 411000 search sigs
[2022-07-29T02:29:11Z INFO  sra_search] Processed 412000 search sigs
[2022-07-29T02:31:21Z INFO  sra_search] Processed 413000 search sigs
[2022-07-29T02:33:21Z INFO  sra_search] Processed 414000 search sigs
[2022-07-29T02:35:30Z INFO  sra_search] Processed 415000 search sigs
[2022-07-29T02:37:20Z INFO  sra_search] Processed 416000 search sigs
[2022-07-29T02:39:26Z INFO  sra_search] Processed 417000 search sigs
[2022-07-29T02:41:35Z INFO  sra_search] Processed 418000 search sigs
[2022-07-29T02:43:52Z INFO  sra_search] Processed 419000 search sigs
[2022-07-29T02:45:57Z INFO  sra_search] Processed 420000 search sigs
[2022-07-29T02:48:00Z INFO  sra_search] Processed 421000 search sigs
[2022-07-29T02:50:02Z INFO  sra_search] Processed 422000 search sigs
[2022-07-29T02:51:35Z INFO  sra_search] Processed 423000 search sigs
[2022-07-29T02:53:23Z INFO  sra_search] Processed 424000 search sigs
[2022-07-29T02:55:21Z INFO  sra_search] Processed 425000 search sigs
[2022-07-29T02:57:22Z INFO  sra_search] Processed 426000 search sigs
[2022-07-29T02:59:01Z INFO  sra_search] Processed 427000 search sigs
[2022-07-29T03:00:50Z INFO  sra_search] Processed 428000 search sigs
[2022-07-29T03:02:55Z INFO  sra_search] Processed 429000 search sigs
[2022-07-29T03:04:49Z INFO  sra_search] Processed 430000 search sigs
[2022-07-29T03:06:39Z INFO  sra_search] Processed 431000 search sigs
[2022-07-29T03:08:47Z INFO  sra_search] Processed 432000 search sigs
[2022-07-29T03:10:45Z INFO  sra_search] Processed 433000 search sigs
[2022-07-29T03:12:34Z INFO  sra_search] Processed 434000 search sigs
[2022-07-29T03:14:10Z INFO  sra_search] Processed 435000 search sigs
[2022-07-29T03:16:18Z INFO  sra_search] Processed 436000 search sigs
[2022-07-29T03:18:29Z INFO  sra_search] Processed 437000 search sigs
[2022-07-29T03:20:06Z INFO  sra_search] Processed 438000 search sigs
[2022-07-29T03:22:20Z INFO  sra_search] Processed 439000 search sigs
[2022-07-29T03:23:55Z INFO  sra_search] Processed 440000 search sigs
[2022-07-29T03:25:29Z INFO  sra_search] Processed 441000 search sigs
[2022-07-29T03:27:21Z INFO  sra_search] Processed 442000 search sigs
[2022-07-29T03:29:11Z INFO  sra_search] Processed 443000 search sigs
[2022-07-29T03:31:03Z INFO  sra_search] Processed 444000 search sigs
[2022-07-29T03:33:14Z INFO  sra_search] Processed 445000 search sigs
[2022-07-29T03:34:57Z INFO  sra_search] Processed 446000 search sigs
[2022-07-29T03:36:49Z INFO  sra_search] Processed 447000 search sigs
[2022-07-29T03:38:45Z INFO  sra_search] Processed 448000 search sigs
[2022-07-29T03:41:01Z INFO  sra_search] Processed 449000 search sigs
[2022-07-29T03:43:13Z INFO  sra_search] Processed 450000 search sigs
[2022-07-29T03:45:45Z INFO  sra_search] Processed 451000 search sigs
[2022-07-29T03:47:56Z INFO  sra_search] Processed 452000 search sigs
[2022-07-29T03:49:56Z INFO  sra_search] Processed 453000 search sigs
[2022-07-29T03:51:52Z INFO  sra_search] Processed 454000 search sigs
[2022-07-29T03:53:38Z INFO  sra_search] Processed 455000 search sigs
[2022-07-29T03:55:35Z INFO  sra_search] Processed 456000 search sigs
[2022-07-29T03:57:32Z INFO  sra_search] Processed 457000 search sigs
[2022-07-29T03:59:24Z INFO  sra_search] Processed 458000 search sigs
[2022-07-29T04:00:59Z INFO  sra_search] Processed 459000 search sigs
[2022-07-29T04:03:08Z INFO  sra_search] Processed 460000 search sigs
[2022-07-29T04:05:07Z INFO  sra_search] Processed 461000 search sigs
[2022-07-29T04:06:56Z INFO  sra_search] Processed 462000 search sigs
[2022-07-29T04:08:51Z INFO  sra_search] Processed 463000 search sigs
[2022-07-29T04:10:47Z INFO  sra_search] Processed 464000 search sigs
[2022-07-29T04:12:38Z INFO  sra_search] Processed 465000 search sigs
[2022-07-29T04:14:30Z INFO  sra_search] Processed 466000 search sigs
[2022-07-29T04:16:13Z INFO  sra_search] Processed 467000 search sigs
[2022-07-29T04:18:02Z INFO  sra_search] Processed 468000 search sigs
[2022-07-29T04:19:39Z INFO  sra_search] Processed 469000 search sigs
[2022-07-29T04:21:50Z INFO  sra_search] Processed 470000 search sigs
[2022-07-29T04:23:49Z INFO  sra_search] Processed 471000 search sigs
[2022-07-29T04:25:47Z INFO  sra_search] Processed 472000 search sigs
[2022-07-29T04:27:43Z INFO  sra_search] Processed 473000 search sigs
[2022-07-29T04:29:27Z INFO  sra_search] Processed 474000 search sigs
[2022-07-29T04:31:11Z INFO  sra_search] Processed 475000 search sigs
[2022-07-29T04:33:06Z INFO  sra_search] Processed 476000 search sigs
[2022-07-29T04:34:51Z INFO  sra_search] Processed 477000 search sigs
[2022-07-29T04:36:26Z INFO  sra_search] Processed 478000 search sigs
[2022-07-29T04:38:17Z INFO  sra_search] Processed 479000 search sigs
[2022-07-29T04:40:14Z INFO  sra_search] Processed 480000 search sigs
[2022-07-29T04:41:53Z INFO  sra_search] Processed 481000 search sigs
[2022-07-29T04:43:50Z INFO  sra_search] Processed 482000 search sigs
[2022-07-29T04:45:48Z INFO  sra_search] Processed 483000 search sigs
[2022-07-29T04:47:44Z INFO  sra_search] Processed 484000 search sigs
[2022-07-29T04:49:56Z INFO  sra_search] Processed 485000 search sigs
[2022-07-29T04:52:07Z INFO  sra_search] Processed 486000 search sigs
[2022-07-29T04:54:18Z INFO  sra_search] Processed 487000 search sigs
[2022-07-29T04:56:07Z INFO  sra_search] Processed 488000 search sigs
[2022-07-29T04:57:56Z INFO  sra_search] Processed 489000 search sigs
[2022-07-29T04:59:52Z INFO  sra_search] Processed 490000 search sigs
[2022-07-29T05:02:17Z INFO  sra_search] Processed 491000 search sigs
[2022-07-29T05:04:43Z INFO  sra_search] Processed 492000 search sigs
[2022-07-29T05:06:45Z INFO  sra_search] Processed 493000 search sigs
[2022-07-29T05:08:58Z INFO  sra_search] Processed 494000 search sigs
[2022-07-29T05:10:53Z INFO  sra_search] Processed 495000 search sigs
[2022-07-29T05:13:04Z INFO  sra_search] Processed 496000 search sigs
[2022-07-29T05:14:51Z INFO  sra_search] Processed 497000 search sigs
[2022-07-29T05:16:20Z INFO  sra_search] Processed 498000 search sigs
[2022-07-29T05:18:13Z INFO  sra_search] Processed 499000 search sigs
[2022-07-29T05:20:46Z INFO  sra_search] Processed 500000 search sigs
[2022-07-29T05:22:56Z INFO  sra_search] Processed 501000 search sigs
[2022-07-29T05:25:14Z INFO  sra_search] Processed 502000 search sigs
[2022-07-29T05:27:24Z INFO  sra_search] Processed 503000 search sigs
[2022-07-29T05:29:30Z INFO  sra_search] Processed 504000 search sigs
[2022-07-29T05:31:11Z INFO  sra_search] Processed 505000 search sigs
[2022-07-29T05:32:47Z INFO  sra_search] Processed 506000 search sigs
[2022-07-29T05:34:52Z INFO  sra_search] Processed 507000 search sigs
[2022-07-29T05:36:53Z INFO  sra_search] Processed 508000 search sigs
[2022-07-29T05:38:52Z INFO  sra_search] Processed 509000 search sigs
[2022-07-29T05:40:59Z INFO  sra_search] Processed 510000 search sigs
[2022-07-29T05:42:47Z INFO  sra_search] Processed 511000 search sigs
[2022-07-29T05:44:34Z INFO  sra_search] Processed 512000 search sigs
[2022-07-29T05:46:53Z INFO  sra_search] Processed 513000 search sigs
[2022-07-29T05:48:44Z INFO  sra_search] Processed 514000 search sigs
[2022-07-29T05:50:41Z INFO  sra_search] Processed 515000 search sigs
[2022-07-29T05:52:47Z INFO  sra_search] Processed 516000 search sigs
[2022-07-29T05:54:15Z INFO  sra_search] Processed 517000 search sigs
[2022-07-29T05:55:49Z INFO  sra_search] Processed 518000 search sigs
[2022-07-29T05:57:38Z INFO  sra_search] Processed 519000 search sigs
[2022-07-29T05:59:22Z INFO  sra_search] Processed 520000 search sigs
[2022-07-29T06:01:10Z INFO  sra_search] Processed 521000 search sigs
[2022-07-29T06:02:44Z INFO  sra_search] Processed 522000 search sigs
[2022-07-29T06:04:40Z INFO  sra_search] Processed 523000 search sigs
[2022-07-29T06:06:24Z INFO  sra_search] Processed 524000 search sigs
[2022-07-29T06:08:15Z INFO  sra_search] Processed 525000 search sigs
[2022-07-29T06:09:49Z INFO  sra_search] Processed 526000 search sigs
[2022-07-29T06:11:25Z INFO  sra_search] Processed 527000 search sigs
[2022-07-29T06:13:21Z INFO  sra_search] Processed 528000 search sigs
[2022-07-29T06:15:21Z INFO  sra_search] Processed 529000 search sigs
[2022-07-29T06:17:27Z INFO  sra_search] Processed 530000 search sigs
[2022-07-29T06:19:44Z INFO  sra_search] Processed 531000 search sigs
[2022-07-29T06:21:52Z INFO  sra_search] Processed 532000 search sigs
[2022-07-29T06:23:48Z INFO  sra_search] Processed 533000 search sigs
[2022-07-29T06:25:33Z INFO  sra_search] Processed 534000 search sigs
[2022-07-29T06:27:27Z INFO  sra_search] Processed 535000 search sigs
[2022-07-29T06:29:08Z INFO  sra_search] Processed 536000 search sigs
[2022-07-29T06:31:05Z INFO  sra_search] Processed 537000 search sigs
[2022-07-29T06:33:23Z INFO  sra_search] Processed 538000 search sigs
[2022-07-29T06:35:13Z INFO  sra_search] Processed 539000 search sigs
[2022-07-29T06:37:24Z INFO  sra_search] Processed 540000 search sigs
[2022-07-29T06:39:27Z INFO  sra_search] Processed 541000 search sigs
[2022-07-29T06:41:33Z INFO  sra_search] Processed 542000 search sigs
[2022-07-29T06:43:24Z INFO  sra_search] Processed 543000 search sigs
[2022-07-29T06:45:06Z INFO  sra_search] Processed 544000 search sigs
[2022-07-29T06:46:39Z INFO  sra_search] Processed 545000 search sigs
[2022-07-29T06:48:37Z INFO  sra_search] Processed 546000 search sigs
[2022-07-29T06:50:25Z INFO  sra_search] Processed 547000 search sigs
[2022-07-29T06:52:15Z INFO  sra_search] Processed 548000 search sigs
[2022-07-29T06:54:20Z INFO  sra_search] Processed 549000 search sigs
[2022-07-29T06:56:30Z INFO  sra_search] Processed 550000 search sigs
[2022-07-29T06:58:23Z INFO  sra_search] Processed 551000 search sigs
[2022-07-29T07:00:15Z INFO  sra_search] Processed 552000 search sigs
[2022-07-29T07:02:26Z INFO  sra_search] Processed 553000 search sigs
[2022-07-29T07:04:11Z INFO  sra_search] Processed 554000 search sigs
[2022-07-29T07:06:23Z INFO  sra_search] Processed 555000 search sigs
[2022-07-29T07:08:09Z INFO  sra_search] Processed 556000 search sigs
[2022-07-29T07:10:08Z INFO  sra_search] Processed 557000 search sigs
[2022-07-29T07:11:52Z INFO  sra_search] Processed 558000 search sigs
[2022-07-29T07:13:57Z INFO  sra_search] Processed 559000 search sigs
[2022-07-29T07:15:56Z INFO  sra_search] Processed 560000 search sigs
[2022-07-29T07:17:38Z INFO  sra_search] Processed 561000 search sigs
[2022-07-29T07:19:36Z INFO  sra_search] Processed 562000 search sigs
[2022-07-29T07:21:02Z INFO  sra_search] Processed 563000 search sigs
[2022-07-29T07:23:00Z INFO  sra_search] Processed 564000 search sigs
[2022-07-29T07:25:10Z INFO  sra_search] Processed 565000 search sigs
[2022-07-29T07:26:57Z INFO  sra_search] Processed 566000 search sigs
[2022-07-29T07:28:50Z INFO  sra_search] Processed 567000 search sigs
[2022-07-29T07:30:46Z INFO  sra_search] Processed 568000 search sigs
[2022-07-29T07:33:12Z INFO  sra_search] Processed 569000 search sigs
[2022-07-29T07:35:04Z INFO  sra_search] Processed 570000 search sigs
[2022-07-29T07:36:59Z INFO  sra_search] Processed 571000 search sigs
[2022-07-29T07:39:14Z INFO  sra_search] Processed 572000 search sigs
[2022-07-29T07:41:09Z INFO  sra_search] Processed 573000 search sigs
[2022-07-29T07:43:00Z INFO  sra_search] Processed 574000 search sigs
[2022-07-29T07:44:57Z INFO  sra_search] Processed 575000 search sigs
[2022-07-29T07:46:45Z INFO  sra_search] Processed 576000 search sigs
[2022-07-29T07:48:24Z INFO  sra_search] Processed 577000 search sigs
[2022-07-29T07:50:11Z INFO  sra_search] Processed 578000 search sigs
[2022-07-29T07:52:35Z INFO  sra_search] Processed 579000 search sigs
[2022-07-29T07:54:42Z INFO  sra_search] Processed 580000 search sigs
[2022-07-29T07:56:28Z INFO  sra_search] Processed 581000 search sigs
[2022-07-29T07:58:27Z INFO  sra_search] Processed 582000 search sigs
[2022-07-29T08:00:38Z INFO  sra_search] Processed 583000 search sigs
[2022-07-29T08:02:21Z INFO  sra_search] Processed 584000 search sigs
[2022-07-29T08:04:02Z INFO  sra_search] Processed 585000 search sigs
[2022-07-29T08:05:44Z INFO  sra_search] Processed 586000 search sigs
[2022-07-29T08:07:19Z INFO  sra_search] Processed 587000 search sigs
[2022-07-29T08:09:15Z INFO  sra_search] Processed 588000 search sigs
[2022-07-29T08:11:16Z INFO  sra_search] Processed 589000 search sigs
[2022-07-29T08:12:54Z INFO  sra_search] Processed 590000 search sigs
[2022-07-29T08:14:46Z INFO  sra_search] Processed 591000 search sigs
[2022-07-29T08:16:40Z INFO  sra_search] Processed 592000 search sigs
[2022-07-29T08:18:47Z INFO  sra_search] Processed 593000 search sigs
[2022-07-29T08:20:45Z INFO  sra_search] Processed 594000 search sigs
[2022-07-29T08:22:14Z INFO  sra_search] Processed 595000 search sigs
[2022-07-29T08:23:58Z INFO  sra_search] Processed 596000 search sigs
[2022-07-29T08:26:00Z INFO  sra_search] Processed 597000 search sigs
[2022-07-29T08:27:57Z INFO  sra_search] Processed 598000 search sigs
[2022-07-29T08:29:36Z INFO  sra_search] Processed 599000 search sigs
[2022-07-29T08:31:17Z INFO  sra_search] Processed 600000 search sigs
[2022-07-29T08:33:14Z INFO  sra_search] Processed 601000 search sigs
[2022-07-29T08:35:12Z INFO  sra_search] Processed 602000 search sigs
[2022-07-29T08:37:05Z INFO  sra_search] Processed 603000 search sigs
[2022-07-29T08:39:02Z INFO  sra_search] Processed 604000 search sigs
[2022-07-29T08:40:36Z INFO  sra_search] Processed 605000 search sigs
[2022-07-29T08:42:41Z INFO  sra_search] Processed 606000 search sigs
[2022-07-29T08:44:19Z INFO  sra_search] Processed 607000 search sigs
[2022-07-29T08:45:45Z INFO  sra_search] Processed 608000 search sigs
[2022-07-29T08:47:33Z INFO  sra_search] Processed 609000 search sigs
[2022-07-29T08:49:15Z INFO  sra_search] Processed 610000 search sigs
[2022-07-29T08:50:53Z INFO  sra_search] Processed 611000 search sigs
[2022-07-29T08:52:16Z INFO  sra_search] Processed 612000 search sigs
[2022-07-29T08:54:16Z INFO  sra_search] Processed 613000 search sigs
[2022-07-29T08:56:37Z INFO  sra_search] Processed 614000 search sigs
[2022-07-29T08:58:28Z INFO  sra_search] Processed 615000 search sigs
[2022-07-29T09:00:19Z INFO  sra_search] Processed 616000 search sigs
[2022-07-29T09:01:48Z INFO  sra_search] Processed 617000 search sigs
[2022-07-29T09:03:35Z INFO  sra_search] Processed 618000 search sigs
[2022-07-29T09:05:45Z INFO  sra_search] Processed 619000 search sigs
[2022-07-29T09:07:43Z INFO  sra_search] Processed 620000 search sigs
[2022-07-29T09:09:52Z INFO  sra_search] Processed 621000 search sigs
[2022-07-29T09:11:50Z INFO  sra_search] Processed 622000 search sigs
[2022-07-29T09:13:38Z INFO  sra_search] Processed 623000 search sigs
[2022-07-29T09:15:20Z INFO  sra_search] Processed 624000 search sigs
[2022-07-29T09:17:17Z INFO  sra_search] Processed 625000 search sigs
[2022-07-29T09:19:06Z INFO  sra_search] Processed 626000 search sigs
[2022-07-29T09:20:54Z INFO  sra_search] Processed 627000 search sigs
[2022-07-29T09:22:28Z INFO  sra_search] Processed 628000 search sigs
[2022-07-29T09:24:38Z INFO  sra_search] Processed 629000 search sigs
[2022-07-29T09:26:34Z INFO  sra_search] Processed 630000 search sigs
[2022-07-29T09:28:33Z INFO  sra_search] Processed 631000 search sigs
[2022-07-29T09:30:56Z INFO  sra_search] Processed 632000 search sigs
[2022-07-29T09:32:51Z INFO  sra_search] Processed 633000 search sigs
[2022-07-29T09:35:14Z INFO  sra_search] Processed 634000 search sigs
[2022-07-29T09:37:06Z INFO  sra_search] Processed 635000 search sigs
[2022-07-29T09:39:02Z INFO  sra_search] Processed 636000 search sigs
[2022-07-29T09:40:52Z INFO  sra_search] Processed 637000 search sigs
[2022-07-29T09:42:45Z INFO  sra_search] Processed 638000 search sigs
[2022-07-29T09:44:53Z INFO  sra_search] Processed 639000 search sigs
[2022-07-29T09:46:57Z INFO  sra_search] Processed 640000 search sigs
[2022-07-29T09:49:19Z INFO  sra_search] Processed 641000 search sigs
[2022-07-29T09:52:00Z INFO  sra_search] Processed 642000 search sigs
[2022-07-29T09:53:48Z INFO  sra_search] Processed 643000 search sigs
[2022-07-29T09:55:29Z INFO  sra_search] Processed 644000 search sigs
[2022-07-29T09:57:38Z INFO  sra_search] Processed 645000 search sigs
[2022-07-29T09:59:52Z INFO  sra_search] Processed 646000 search sigs
[2022-07-29T10:01:43Z INFO  sra_search] Processed 647000 search sigs
[2022-07-29T10:03:39Z INFO  sra_search] Processed 648000 search sigs
[2022-07-29T10:05:41Z INFO  sra_search] Processed 649000 search sigs
[2022-07-29T10:07:38Z INFO  sra_search] Processed 650000 search sigs
[2022-07-29T10:09:20Z INFO  sra_search] Processed 651000 search sigs
[2022-07-29T10:11:05Z INFO  sra_search] Processed 652000 search sigs
[2022-07-29T10:13:03Z INFO  sra_search] Processed 653000 search sigs
[2022-07-29T10:14:49Z INFO  sra_search] Processed 654000 search sigs
[2022-07-29T10:16:29Z INFO  sra_search] Processed 655000 search sigs
[2022-07-29T10:18:06Z INFO  sra_search] Processed 656000 search sigs
[2022-07-29T10:19:46Z INFO  sra_search] Processed 657000 search sigs
[2022-07-29T10:21:38Z INFO  sra_search] Processed 658000 search sigs
[2022-07-29T10:23:27Z INFO  sra_search] Processed 659000 search sigs
[2022-07-29T10:25:14Z INFO  sra_search] Processed 660000 search sigs
[2022-07-29T10:27:05Z INFO  sra_search] Processed 661000 search sigs
[2022-07-29T10:29:17Z INFO  sra_search] Processed 662000 search sigs
[2022-07-29T10:31:09Z INFO  sra_search] Processed 663000 search sigs
[2022-07-29T10:33:19Z INFO  sra_search] Processed 664000 search sigs
[2022-07-29T10:35:16Z INFO  sra_search] Processed 665000 search sigs
[2022-07-29T10:37:15Z INFO  sra_search] Processed 666000 search sigs
[2022-07-29T10:39:06Z INFO  sra_search] Processed 667000 search sigs
[2022-07-29T10:41:04Z INFO  sra_search] Processed 668000 search sigs
[2022-07-29T10:42:52Z INFO  sra_search] Processed 669000 search sigs
[2022-07-29T10:44:37Z INFO  sra_search] Processed 670000 search sigs
[2022-07-29T10:46:29Z INFO  sra_search] Processed 671000 search sigs
[2022-07-29T10:48:24Z INFO  sra_search] Processed 672000 search sigs
[2022-07-29T10:50:16Z INFO  sra_search] Processed 673000 search sigs
[2022-07-29T10:52:09Z INFO  sra_search] Processed 674000 search sigs
[2022-07-29T10:54:11Z INFO  sra_search] Processed 675000 search sigs
[2022-07-29T10:56:13Z INFO  sra_search] Processed 676000 search sigs
[2022-07-29T10:58:05Z INFO  sra_search] Processed 677000 search sigs
[2022-07-29T10:59:59Z INFO  sra_search] Processed 678000 search sigs
[2022-07-29T11:01:38Z INFO  sra_search] Processed 679000 search sigs
[2022-07-29T11:03:25Z INFO  sra_search] Processed 680000 search sigs
[2022-07-29T11:05:27Z INFO  sra_search] Processed 681000 search sigs
[2022-07-29T11:07:23Z INFO  sra_search] Processed 682000 search sigs
[2022-07-29T11:09:15Z INFO  sra_search] Processed 683000 search sigs
[2022-07-29T11:11:26Z INFO  sra_search] Processed 684000 search sigs
[2022-07-29T11:13:13Z INFO  sra_search] Processed 685000 search sigs
[2022-07-29T11:15:09Z INFO  sra_search] Processed 686000 search sigs
[2022-07-29T11:17:04Z INFO  sra_search] Processed 687000 search sigs
[2022-07-29T11:19:08Z INFO  sra_search] Processed 688000 search sigs
[2022-07-29T11:21:23Z INFO  sra_search] Processed 689000 search sigs
[2022-07-29T11:23:19Z INFO  sra_search] Processed 690000 search sigs
[2022-07-29T11:25:05Z INFO  sra_search] Processed 691000 search sigs
[2022-07-29T11:26:52Z INFO  sra_search] Processed 692000 search sigs
[2022-07-29T11:28:33Z INFO  sra_search] Processed 693000 search sigs
[2022-07-29T11:30:28Z INFO  sra_search] Processed 694000 search sigs
[2022-07-29T11:32:13Z INFO  sra_search] Processed 695000 search sigs
[2022-07-29T11:34:12Z INFO  sra_search] Processed 696000 search sigs
[2022-07-29T11:35:57Z INFO  sra_search] Processed 697000 search sigs
[2022-07-29T11:37:40Z INFO  sra_search] Processed 698000 search sigs
[2022-07-29T11:39:29Z INFO  sra_search] Processed 699000 search sigs
[2022-07-29T11:41:09Z INFO  sra_search] Processed 700000 search sigs
[2022-07-29T11:43:26Z INFO  sra_search] Processed 701000 search sigs
[2022-07-29T11:45:27Z INFO  sra_search] Processed 702000 search sigs
[2022-07-29T11:47:12Z INFO  sra_search] Processed 703000 search sigs
[2022-07-29T11:48:55Z INFO  sra_search] Processed 704000 search sigs
[2022-07-29T11:50:39Z INFO  sra_search] Processed 705000 search sigs
[2022-07-29T11:52:10Z INFO  sra_search] Processed 706000 search sigs
[2022-07-29T11:54:02Z INFO  sra_search] Processed 707000 search sigs
[2022-07-29T11:56:11Z INFO  sra_search] Processed 708000 search sigs
[2022-07-29T11:58:26Z INFO  sra_search] Processed 709000 search sigs
[2022-07-29T12:00:26Z INFO  sra_search] Processed 710000 search sigs
thread '<unnamed>' panicked at 'Error processing "/group/ctbrowngrp/irber/data/wort-data/wort-sra/sigs/ERR1248659.sig"', src/main.rs:125:37
note: run with `RUST_BACKTRACE=1` environment variable to display a backtrace
[2022-07-29T12:02:27Z INFO  sra_search] Processed 711000 search sigs
[2022-07-29T12:04:12Z INFO  sra_search] Processed 712000 search sigs
[2022-07-29T12:05:53Z INFO  sra_search] Processed 713000 search sigs
[2022-07-29T12:07:58Z INFO  sra_search] Processed 714000 search sigs
[2022-07-29T12:09:53Z INFO  sra_search] Processed 715000 search sigs
[2022-07-29T12:11:59Z INFO  sra_search] Processed 716000 search sigs
[2022-07-29T12:13:46Z INFO  sra_search] Processed 717000 search sigs
[2022-07-29T12:15:57Z INFO  sra_search] Processed 718000 search sigs
[2022-07-29T12:17:44Z INFO  sra_search] Processed 719000 search sigs
[2022-07-29T12:19:32Z INFO  sra_search] Processed 720000 search sigs
[2022-07-29T12:21:44Z INFO  sra_search] Processed 721000 search sigs
[2022-07-29T12:23:31Z INFO  sra_search] Processed 722000 search sigs
[2022-07-29T12:25:30Z INFO  sra_search] Processed 723000 search sigs
[2022-07-29T12:27:20Z INFO  sra_search] Processed 724000 search sigs
[2022-07-29T12:29:30Z INFO  sra_search] Processed 725000 search sigs
[2022-07-29T12:31:43Z INFO  sra_search] Processed 726000 search sigs
[2022-07-29T12:33:29Z INFO  sra_search] Processed 727000 search sigs
[2022-07-29T12:35:36Z INFO  sra_search] Processed 728000 search sigs
[2022-07-29T12:37:28Z INFO  sra_search] Processed 729000 search sigs
[2022-07-29T12:39:13Z INFO  sra_search] Processed 730000 search sigs
[2022-07-29T12:41:01Z INFO  sra_search] Processed 731000 search sigs
[2022-07-29T12:42:44Z INFO  sra_search] Processed 732000 search sigs
[2022-07-29T12:44:32Z INFO  sra_search] Processed 733000 search sigs
[2022-07-29T12:46:48Z INFO  sra_search] Processed 734000 search sigs
[2022-07-29T12:48:47Z INFO  sra_search] Processed 735000 search sigs
[2022-07-29T12:50:48Z INFO  sra_search] Processed 736000 search sigs
[2022-07-29T12:52:33Z INFO  sra_search] Processed 737000 search sigs
[2022-07-29T12:54:28Z INFO  sra_search] Processed 738000 search sigs
[2022-07-29T12:56:19Z INFO  sra_search] Processed 739000 search sigs
[2022-07-29T12:58:01Z INFO  sra_search] Processed 740000 search sigs
[2022-07-29T12:59:54Z INFO  sra_search] Processed 741000 search sigs
[2022-07-29T13:01:50Z INFO  sra_search] Processed 742000 search sigs
[2022-07-29T13:03:52Z INFO  sra_search] Processed 743000 search sigs
[2022-07-29T13:06:02Z INFO  sra_search] Processed 744000 search sigs
[2022-07-29T13:08:03Z INFO  sra_search] Processed 745000 search sigs
[2022-07-29T13:10:02Z INFO  sra_search] Processed 746000 search sigs
[2022-07-29T13:11:57Z INFO  sra_search] Processed 747000 search sigs
[2022-07-29T13:13:48Z INFO  sra_search] Processed 748000 search sigs
[2022-07-29T13:16:00Z INFO  sra_search] Processed 749000 search sigs
[2022-07-29T13:17:55Z INFO  sra_search] Processed 750000 search sigs
[2022-07-29T13:19:39Z INFO  sra_search] Processed 751000 search sigs
[2022-07-29T13:21:40Z INFO  sra_search] Processed 752000 search sigs
[2022-07-29T13:23:30Z INFO  sra_search] Processed 753000 search sigs
[2022-07-29T13:25:30Z INFO  sra_search] Processed 754000 search sigs
[2022-07-29T13:27:30Z INFO  sra_search] Processed 755000 search sigs
[2022-07-29T13:29:23Z INFO  sra_search] Processed 756000 search sigs
[2022-07-29T13:31:08Z INFO  sra_search] Processed 757000 search sigs
[2022-07-29T13:33:12Z INFO  sra_search] Processed 758000 search sigs
[2022-07-29T13:35:16Z INFO  sra_search] Processed 759000 search sigs
[2022-07-29T13:37:21Z INFO  sra_search] Processed 760000 search sigs
[2022-07-29T13:39:23Z INFO  sra_search] Processed 761000 search sigs
[2022-07-29T13:41:03Z INFO  sra_search] Processed 762000 search sigs
[2022-07-29T13:42:51Z INFO  sra_search] Processed 763000 search sigs
[2022-07-29T13:44:53Z INFO  sra_search] Processed 764000 search sigs
[2022-07-29T13:46:38Z INFO  sra_search] Processed 765000 search sigs
[2022-07-29T13:48:50Z INFO  sra_search] Processed 766000 search sigs
[2022-07-29T13:50:46Z INFO  sra_search] Processed 767000 search sigs
