[2022-07-26T23:05:25Z INFO  sra_search] Loading queries
[2022-07-26T23:05:25Z INFO  sra_search] Loaded 4 query signatures
[2022-07-26T23:05:25Z INFO  sra_search] Loading siglist
[2022-07-26T23:05:27Z INFO  sra_search] Loaded 767277 sig paths in siglist
[2022-07-26T23:05:27Z INFO  sra_search] Processed 0 search sigs
[2022-07-26T23:06:14Z INFO  sra_search] Processed 1000 search sigs
[2022-07-26T23:07:08Z INFO  sra_search] Processed 2000 search sigs
[2022-07-26T23:08:08Z INFO  sra_search] Processed 3000 search sigs
[2022-07-26T23:09:17Z INFO  sra_search] Processed 4000 search sigs
[2022-07-26T23:10:13Z INFO  sra_search] Processed 5000 search sigs
[2022-07-26T23:11:33Z INFO  sra_search] Processed 6000 search sigs
[2022-07-26T23:12:26Z INFO  sra_search] Processed 7000 search sigs
[2022-07-26T23:13:34Z INFO  sra_search] Processed 8000 search sigs
[2022-07-26T23:14:34Z INFO  sra_search] Processed 9000 search sigs
[2022-07-26T23:15:32Z INFO  sra_search] Processed 10000 search sigs
[2022-07-26T23:16:28Z INFO  sra_search] Processed 11000 search sigs
[2022-07-26T23:17:37Z INFO  sra_search] Processed 12000 search sigs
[2022-07-26T23:18:46Z INFO  sra_search] Processed 13000 search sigs
[2022-07-26T23:19:52Z INFO  sra_search] Processed 14000 search sigs
[2022-07-26T23:20:50Z INFO  sra_search] Processed 15000 search sigs
[2022-07-26T23:21:53Z INFO  sra_search] Processed 16000 search sigs
[2022-07-26T23:22:59Z INFO  sra_search] Processed 17000 search sigs
[2022-07-26T23:24:09Z INFO  sra_search] Processed 18000 search sigs
[2022-07-26T23:25:17Z INFO  sra_search] Processed 19000 search sigs
[2022-07-26T23:26:45Z INFO  sra_search] Processed 20000 search sigs
[2022-07-26T23:27:47Z INFO  sra_search] Processed 21000 search sigs
[2022-07-26T23:28:57Z INFO  sra_search] Processed 22000 search sigs
[2022-07-26T23:29:56Z INFO  sra_search] Processed 23000 search sigs
[2022-07-26T23:31:02Z INFO  sra_search] Processed 24000 search sigs
[2022-07-26T23:31:56Z INFO  sra_search] Processed 25000 search sigs
[2022-07-26T23:32:52Z INFO  sra_search] Processed 26000 search sigs
[2022-07-26T23:33:51Z INFO  sra_search] Processed 27000 search sigs
[2022-07-26T23:34:51Z INFO  sra_search] Processed 28000 search sigs
[2022-07-26T23:35:56Z INFO  sra_search] Processed 29000 search sigs
[2022-07-26T23:36:58Z INFO  sra_search] Processed 30000 search sigs
[2022-07-26T23:38:01Z INFO  sra_search] Processed 31000 search sigs
[2022-07-26T23:39:02Z INFO  sra_search] Processed 32000 search sigs
[2022-07-26T23:40:09Z INFO  sra_search] Processed 33000 search sigs
[2022-07-26T23:41:13Z INFO  sra_search] Processed 34000 search sigs
[2022-07-26T23:42:29Z INFO  sra_search] Processed 35000 search sigs
[2022-07-26T23:43:31Z INFO  sra_search] Processed 36000 search sigs
[2022-07-26T23:44:34Z INFO  sra_search] Processed 37000 search sigs
[2022-07-26T23:45:31Z INFO  sra_search] Processed 38000 search sigs
[2022-07-26T23:46:42Z INFO  sra_search] Processed 39000 search sigs
[2022-07-26T23:47:38Z INFO  sra_search] Processed 40000 search sigs
[2022-07-26T23:48:37Z INFO  sra_search] Processed 41000 search sigs
[2022-07-26T23:49:42Z INFO  sra_search] Processed 42000 search sigs
[2022-07-26T23:50:53Z INFO  sra_search] Processed 43000 search sigs
[2022-07-26T23:52:05Z INFO  sra_search] Processed 44000 search sigs
[2022-07-26T23:53:09Z INFO  sra_search] Processed 45000 search sigs
[2022-07-26T23:54:08Z INFO  sra_search] Processed 46000 search sigs
[2022-07-26T23:55:09Z INFO  sra_search] Processed 47000 search sigs
[2022-07-26T23:56:11Z INFO  sra_search] Processed 48000 search sigs
[2022-07-26T23:57:17Z INFO  sra_search] Processed 49000 search sigs
[2022-07-26T23:58:12Z INFO  sra_search] Processed 50000 search sigs
[2022-07-26T23:59:06Z INFO  sra_search] Processed 51000 search sigs
[2022-07-26T23:59:55Z INFO  sra_search] Processed 52000 search sigs
[2022-07-27T00:00:54Z INFO  sra_search] Processed 53000 search sigs
[2022-07-27T00:01:49Z INFO  sra_search] Processed 54000 search sigs
[2022-07-27T00:02:56Z INFO  sra_search] Processed 55000 search sigs
[2022-07-27T00:03:57Z INFO  sra_search] Processed 56000 search sigs
[2022-07-27T00:05:00Z INFO  sra_search] Processed 57000 search sigs
[2022-07-27T00:05:59Z INFO  sra_search] Processed 58000 search sigs
[2022-07-27T00:06:59Z INFO  sra_search] Processed 59000 search sigs
[2022-07-27T00:08:06Z INFO  sra_search] Processed 60000 search sigs
[2022-07-27T00:09:16Z INFO  sra_search] Processed 61000 search sigs
[2022-07-27T00:10:13Z INFO  sra_search] Processed 62000 search sigs
[2022-07-27T00:11:11Z INFO  sra_search] Processed 63000 search sigs
[2022-07-27T00:12:13Z INFO  sra_search] Processed 64000 search sigs
[2022-07-27T00:13:03Z INFO  sra_search] Processed 65000 search sigs
[2022-07-27T00:14:12Z INFO  sra_search] Processed 66000 search sigs
[2022-07-27T00:15:13Z INFO  sra_search] Processed 67000 search sigs
[2022-07-27T00:16:12Z INFO  sra_search] Processed 68000 search sigs
[2022-07-27T00:17:15Z INFO  sra_search] Processed 69000 search sigs
[2022-07-27T00:18:18Z INFO  sra_search] Processed 70000 search sigs
[2022-07-27T00:19:32Z INFO  sra_search] Processed 71000 search sigs
[2022-07-27T00:20:34Z INFO  sra_search] Processed 72000 search sigs
[2022-07-27T00:21:49Z INFO  sra_search] Processed 73000 search sigs
[2022-07-27T00:22:51Z INFO  sra_search] Processed 74000 search sigs
[2022-07-27T00:23:57Z INFO  sra_search] Processed 75000 search sigs
[2022-07-27T00:25:04Z INFO  sra_search] Processed 76000 search sigs
[2022-07-27T00:26:16Z INFO  sra_search] Processed 77000 search sigs
[2022-07-27T00:27:19Z INFO  sra_search] Processed 78000 search sigs
[2022-07-27T00:28:22Z INFO  sra_search] Processed 79000 search sigs
[2022-07-27T00:29:28Z INFO  sra_search] Processed 80000 search sigs
[2022-07-27T00:30:29Z INFO  sra_search] Processed 81000 search sigs
[2022-07-27T00:31:20Z INFO  sra_search] Processed 82000 search sigs
[2022-07-27T00:32:16Z INFO  sra_search] Processed 83000 search sigs
[2022-07-27T00:33:12Z INFO  sra_search] Processed 84000 search sigs
[2022-07-27T00:34:19Z INFO  sra_search] Processed 85000 search sigs
[2022-07-27T00:35:23Z INFO  sra_search] Processed 86000 search sigs
[2022-07-27T00:36:29Z INFO  sra_search] Processed 87000 search sigs
[2022-07-27T00:37:23Z INFO  sra_search] Processed 88000 search sigs
[2022-07-27T00:38:24Z INFO  sra_search] Processed 89000 search sigs
[2022-07-27T00:39:36Z INFO  sra_search] Processed 90000 search sigs
[2022-07-27T00:40:37Z INFO  sra_search] Processed 91000 search sigs
[2022-07-27T00:41:35Z INFO  sra_search] Processed 92000 search sigs
[2022-07-27T00:42:27Z INFO  sra_search] Processed 93000 search sigs
[2022-07-27T00:43:31Z INFO  sra_search] Processed 94000 search sigs
[2022-07-27T00:44:31Z INFO  sra_search] Processed 95000 search sigs
[2022-07-27T00:45:34Z INFO  sra_search] Processed 96000 search sigs
[2022-07-27T00:46:35Z INFO  sra_search] Processed 97000 search sigs
[2022-07-27T00:47:37Z INFO  sra_search] Processed 98000 search sigs
[2022-07-27T00:48:42Z INFO  sra_search] Processed 99000 search sigs
[2022-07-27T00:49:41Z INFO  sra_search] Processed 100000 search sigs
[2022-07-27T00:50:51Z INFO  sra_search] Processed 101000 search sigs
[2022-07-27T00:51:53Z INFO  sra_search] Processed 102000 search sigs
[2022-07-27T00:52:47Z INFO  sra_search] Processed 103000 search sigs
[2022-07-27T00:53:48Z INFO  sra_search] Processed 104000 search sigs
[2022-07-27T00:54:45Z INFO  sra_search] Processed 105000 search sigs
[2022-07-27T00:55:53Z INFO  sra_search] Processed 106000 search sigs
[2022-07-27T00:56:50Z INFO  sra_search] Processed 107000 search sigs
[2022-07-27T00:57:54Z INFO  sra_search] Processed 108000 search sigs
[2022-07-27T00:58:57Z INFO  sra_search] Processed 109000 search sigs
[2022-07-27T00:59:54Z INFO  sra_search] Processed 110000 search sigs
[2022-07-27T01:01:02Z INFO  sra_search] Processed 111000 search sigs
[2022-07-27T01:01:57Z INFO  sra_search] Processed 112000 search sigs
[2022-07-27T01:03:00Z INFO  sra_search] Processed 113000 search sigs
[2022-07-27T01:04:14Z INFO  sra_search] Processed 114000 search sigs
[2022-07-27T01:05:06Z INFO  sra_search] Processed 115000 search sigs
[2022-07-27T01:06:00Z INFO  sra_search] Processed 116000 search sigs
[2022-07-27T01:06:57Z INFO  sra_search] Processed 117000 search sigs
[2022-07-27T01:07:55Z INFO  sra_search] Processed 118000 search sigs
[2022-07-27T01:08:54Z INFO  sra_search] Processed 119000 search sigs
[2022-07-27T01:09:58Z INFO  sra_search] Processed 120000 search sigs
[2022-07-27T01:11:00Z INFO  sra_search] Processed 121000 search sigs
[2022-07-27T01:11:59Z INFO  sra_search] Processed 122000 search sigs
[2022-07-27T01:13:01Z INFO  sra_search] Processed 123000 search sigs
[2022-07-27T01:13:54Z INFO  sra_search] Processed 124000 search sigs
[2022-07-27T01:14:51Z INFO  sra_search] Processed 125000 search sigs
[2022-07-27T01:15:58Z INFO  sra_search] Processed 126000 search sigs
[2022-07-27T01:17:04Z INFO  sra_search] Processed 127000 search sigs
[2022-07-27T01:18:07Z INFO  sra_search] Processed 128000 search sigs
[2022-07-27T01:18:56Z INFO  sra_search] Processed 129000 search sigs
[2022-07-27T01:19:45Z INFO  sra_search] Processed 130000 search sigs
[2022-07-27T01:20:46Z INFO  sra_search] Processed 131000 search sigs
[2022-07-27T01:21:38Z INFO  sra_search] Processed 132000 search sigs
[2022-07-27T01:22:48Z INFO  sra_search] Processed 133000 search sigs
[2022-07-27T01:23:42Z INFO  sra_search] Processed 134000 search sigs
[2022-07-27T01:24:43Z INFO  sra_search] Processed 135000 search sigs
[2022-07-27T01:25:31Z INFO  sra_search] Processed 136000 search sigs
[2022-07-27T01:26:24Z INFO  sra_search] Processed 137000 search sigs
[2022-07-27T01:27:24Z INFO  sra_search] Processed 138000 search sigs
[2022-07-27T01:28:17Z INFO  sra_search] Processed 139000 search sigs
[2022-07-27T01:29:28Z INFO  sra_search] Processed 140000 search sigs
[2022-07-27T01:30:28Z INFO  sra_search] Processed 141000 search sigs
[2022-07-27T01:31:25Z INFO  sra_search] Processed 142000 search sigs
[2022-07-27T01:32:24Z INFO  sra_search] Processed 143000 search sigs
[2022-07-27T01:33:17Z INFO  sra_search] Processed 144000 search sigs
[2022-07-27T01:34:28Z INFO  sra_search] Processed 145000 search sigs
[2022-07-27T01:35:35Z INFO  sra_search] Processed 146000 search sigs
[2022-07-27T01:36:36Z INFO  sra_search] Processed 147000 search sigs
[2022-07-27T01:37:41Z INFO  sra_search] Processed 148000 search sigs
[2022-07-27T01:38:44Z INFO  sra_search] Processed 149000 search sigs
[2022-07-27T01:39:48Z INFO  sra_search] Processed 150000 search sigs
[2022-07-27T01:40:49Z INFO  sra_search] Processed 151000 search sigs
[2022-07-27T01:41:58Z INFO  sra_search] Processed 152000 search sigs
[2022-07-27T01:42:55Z INFO  sra_search] Processed 153000 search sigs
[2022-07-27T01:44:01Z INFO  sra_search] Processed 154000 search sigs
[2022-07-27T01:45:05Z INFO  sra_search] Processed 155000 search sigs
[2022-07-27T01:46:08Z INFO  sra_search] Processed 156000 search sigs
[2022-07-27T01:47:02Z INFO  sra_search] Processed 157000 search sigs
[2022-07-27T01:48:03Z INFO  sra_search] Processed 158000 search sigs
[2022-07-27T01:49:04Z INFO  sra_search] Processed 159000 search sigs
[2022-07-27T01:49:57Z INFO  sra_search] Processed 160000 search sigs
[2022-07-27T01:50:57Z INFO  sra_search] Processed 161000 search sigs
[2022-07-27T01:51:49Z INFO  sra_search] Processed 162000 search sigs
[2022-07-27T01:52:51Z INFO  sra_search] Processed 163000 search sigs
[2022-07-27T01:53:58Z INFO  sra_search] Processed 164000 search sigs
[2022-07-27T01:55:03Z INFO  sra_search] Processed 165000 search sigs
[2022-07-27T01:56:08Z INFO  sra_search] Processed 166000 search sigs
[2022-07-27T01:57:20Z INFO  sra_search] Processed 167000 search sigs
[2022-07-27T01:58:27Z INFO  sra_search] Processed 168000 search sigs
[2022-07-27T01:59:28Z INFO  sra_search] Processed 169000 search sigs
[2022-07-27T02:00:21Z INFO  sra_search] Processed 170000 search sigs
[2022-07-27T02:01:14Z INFO  sra_search] Processed 171000 search sigs
[2022-07-27T02:02:13Z INFO  sra_search] Processed 172000 search sigs
[2022-07-27T02:03:09Z INFO  sra_search] Processed 173000 search sigs
[2022-07-27T02:04:11Z INFO  sra_search] Processed 174000 search sigs
[2022-07-27T02:05:06Z INFO  sra_search] Processed 175000 search sigs
[2022-07-27T02:06:07Z INFO  sra_search] Processed 176000 search sigs
[2022-07-27T02:07:06Z INFO  sra_search] Processed 177000 search sigs
[2022-07-27T02:08:11Z INFO  sra_search] Processed 178000 search sigs
[2022-07-27T02:09:23Z INFO  sra_search] Processed 179000 search sigs
[2022-07-27T02:10:41Z INFO  sra_search] Processed 180000 search sigs
[2022-07-27T02:11:40Z INFO  sra_search] Processed 181000 search sigs
[2022-07-27T02:12:40Z INFO  sra_search] Processed 182000 search sigs
[2022-07-27T02:13:40Z INFO  sra_search] Processed 183000 search sigs
[2022-07-27T02:14:58Z INFO  sra_search] Processed 184000 search sigs
[2022-07-27T02:16:03Z INFO  sra_search] Processed 185000 search sigs
[2022-07-27T02:17:04Z INFO  sra_search] Processed 186000 search sigs
[2022-07-27T02:18:05Z INFO  sra_search] Processed 187000 search sigs
[2022-07-27T02:19:02Z INFO  sra_search] Processed 188000 search sigs
[2022-07-27T02:20:08Z INFO  sra_search] Processed 189000 search sigs
[2022-07-27T02:21:08Z INFO  sra_search] Processed 190000 search sigs
[2022-07-27T02:21:56Z INFO  sra_search] Processed 191000 search sigs
[2022-07-27T02:22:51Z INFO  sra_search] Processed 192000 search sigs
[2022-07-27T02:23:45Z INFO  sra_search] Processed 193000 search sigs
[2022-07-27T02:24:49Z INFO  sra_search] Processed 194000 search sigs
[2022-07-27T02:25:51Z INFO  sra_search] Processed 195000 search sigs
[2022-07-27T02:26:45Z INFO  sra_search] Processed 196000 search sigs
[2022-07-27T02:27:44Z INFO  sra_search] Processed 197000 search sigs
[2022-07-27T02:28:36Z INFO  sra_search] Processed 198000 search sigs
[2022-07-27T02:29:51Z INFO  sra_search] Processed 199000 search sigs
[2022-07-27T02:30:54Z INFO  sra_search] Processed 200000 search sigs
[2022-07-27T02:32:08Z INFO  sra_search] Processed 201000 search sigs
[2022-07-27T02:33:11Z INFO  sra_search] Processed 202000 search sigs
[2022-07-27T02:34:14Z INFO  sra_search] Processed 203000 search sigs
[2022-07-27T02:35:34Z INFO  sra_search] Processed 204000 search sigs
[2022-07-27T02:36:37Z INFO  sra_search] Processed 205000 search sigs
[2022-07-27T02:37:39Z INFO  sra_search] Processed 206000 search sigs
[2022-07-27T02:38:38Z INFO  sra_search] Processed 207000 search sigs
[2022-07-27T02:39:37Z INFO  sra_search] Processed 208000 search sigs
[2022-07-27T02:40:50Z INFO  sra_search] Processed 209000 search sigs
[2022-07-27T02:41:49Z INFO  sra_search] Processed 210000 search sigs
[2022-07-27T02:42:57Z INFO  sra_search] Processed 211000 search sigs
[2022-07-27T02:44:02Z INFO  sra_search] Processed 212000 search sigs
[2022-07-27T02:44:52Z INFO  sra_search] Processed 213000 search sigs
[2022-07-27T02:45:44Z INFO  sra_search] Processed 214000 search sigs
[2022-07-27T02:46:39Z INFO  sra_search] Processed 215000 search sigs
[2022-07-27T02:47:41Z INFO  sra_search] Processed 216000 search sigs
[2022-07-27T02:48:41Z INFO  sra_search] Processed 217000 search sigs
[2022-07-27T02:49:34Z INFO  sra_search] Processed 218000 search sigs
[2022-07-27T02:50:30Z INFO  sra_search] Processed 219000 search sigs
[2022-07-27T02:51:36Z INFO  sra_search] Processed 220000 search sigs
[2022-07-27T02:52:36Z INFO  sra_search] Processed 221000 search sigs
[2022-07-27T02:53:28Z INFO  sra_search] Processed 222000 search sigs
[2022-07-27T02:54:24Z INFO  sra_search] Processed 223000 search sigs
[2022-07-27T02:55:30Z INFO  sra_search] Processed 224000 search sigs
[2022-07-27T02:56:34Z INFO  sra_search] Processed 225000 search sigs
[2022-07-27T02:57:31Z INFO  sra_search] Processed 226000 search sigs
[2022-07-27T02:58:29Z INFO  sra_search] Processed 227000 search sigs
[2022-07-27T02:59:32Z INFO  sra_search] Processed 228000 search sigs
[2022-07-27T03:00:35Z INFO  sra_search] Processed 229000 search sigs
[2022-07-27T03:01:48Z INFO  sra_search] Processed 230000 search sigs
[2022-07-27T03:02:52Z INFO  sra_search] Processed 231000 search sigs
[2022-07-27T03:04:09Z INFO  sra_search] Processed 232000 search sigs
[2022-07-27T03:05:09Z INFO  sra_search] Processed 233000 search sigs
[2022-07-27T03:06:14Z INFO  sra_search] Processed 234000 search sigs
[2022-07-27T03:07:12Z INFO  sra_search] Processed 235000 search sigs
[2022-07-27T03:08:16Z INFO  sra_search] Processed 236000 search sigs
[2022-07-27T03:09:21Z INFO  sra_search] Processed 237000 search sigs
[2022-07-27T03:10:09Z INFO  sra_search] Processed 238000 search sigs
[2022-07-27T03:11:15Z INFO  sra_search] Processed 239000 search sigs
[2022-07-27T03:12:29Z INFO  sra_search] Processed 240000 search sigs
[2022-07-27T03:13:23Z INFO  sra_search] Processed 241000 search sigs
[2022-07-27T03:14:20Z INFO  sra_search] Processed 242000 search sigs
[2022-07-27T03:15:18Z INFO  sra_search] Processed 243000 search sigs
[2022-07-27T03:16:21Z INFO  sra_search] Processed 244000 search sigs
[2022-07-27T03:17:22Z INFO  sra_search] Processed 245000 search sigs
[2022-07-27T03:18:10Z INFO  sra_search] Processed 246000 search sigs
[2022-07-27T03:19:04Z INFO  sra_search] Processed 247000 search sigs
[2022-07-27T03:19:58Z INFO  sra_search] Processed 248000 search sigs
[2022-07-27T03:21:04Z INFO  sra_search] Processed 249000 search sigs
[2022-07-27T03:22:15Z INFO  sra_search] Processed 250000 search sigs
[2022-07-27T03:23:12Z INFO  sra_search] Processed 251000 search sigs
[2022-07-27T03:24:16Z INFO  sra_search] Processed 252000 search sigs
[2022-07-27T03:25:28Z INFO  sra_search] Processed 253000 search sigs
[2022-07-27T03:26:26Z INFO  sra_search] Processed 254000 search sigs
[2022-07-27T03:27:41Z INFO  sra_search] Processed 255000 search sigs
[2022-07-27T03:28:53Z INFO  sra_search] Processed 256000 search sigs
[2022-07-27T03:29:55Z INFO  sra_search] Processed 257000 search sigs
[2022-07-27T03:30:59Z INFO  sra_search] Processed 258000 search sigs
[2022-07-27T03:31:49Z INFO  sra_search] Processed 259000 search sigs
[2022-07-27T03:33:01Z INFO  sra_search] Processed 260000 search sigs
[2022-07-27T03:34:07Z INFO  sra_search] Processed 261000 search sigs
[2022-07-27T03:34:58Z INFO  sra_search] Processed 262000 search sigs
[2022-07-27T03:35:58Z INFO  sra_search] Processed 263000 search sigs
[2022-07-27T03:37:09Z INFO  sra_search] Processed 264000 search sigs
[2022-07-27T03:38:13Z INFO  sra_search] Processed 265000 search sigs
[2022-07-27T03:39:23Z INFO  sra_search] Processed 266000 search sigs
[2022-07-27T03:40:27Z INFO  sra_search] Processed 267000 search sigs
[2022-07-27T03:41:28Z INFO  sra_search] Processed 268000 search sigs
[2022-07-27T03:42:34Z INFO  sra_search] Processed 269000 search sigs
[2022-07-27T03:43:35Z INFO  sra_search] Processed 270000 search sigs
[2022-07-27T03:44:27Z INFO  sra_search] Processed 271000 search sigs
[2022-07-27T03:45:29Z INFO  sra_search] Processed 272000 search sigs
[2022-07-27T03:46:32Z INFO  sra_search] Processed 273000 search sigs
[2022-07-27T03:47:32Z INFO  sra_search] Processed 274000 search sigs
[2022-07-27T03:48:42Z INFO  sra_search] Processed 275000 search sigs
[2022-07-27T03:49:39Z INFO  sra_search] Processed 276000 search sigs
[2022-07-27T03:50:37Z INFO  sra_search] Processed 277000 search sigs
[2022-07-27T03:51:36Z INFO  sra_search] Processed 278000 search sigs
[2022-07-27T03:52:42Z INFO  sra_search] Processed 279000 search sigs
[2022-07-27T03:53:43Z INFO  sra_search] Processed 280000 search sigs
[2022-07-27T03:54:47Z INFO  sra_search] Processed 281000 search sigs
[2022-07-27T03:55:50Z INFO  sra_search] Processed 282000 search sigs
[2022-07-27T03:56:53Z INFO  sra_search] Processed 283000 search sigs
[2022-07-27T03:58:02Z INFO  sra_search] Processed 284000 search sigs
[2022-07-27T03:59:06Z INFO  sra_search] Processed 285000 search sigs
[2022-07-27T04:00:19Z INFO  sra_search] Processed 286000 search sigs
[2022-07-27T04:01:23Z INFO  sra_search] Processed 287000 search sigs
[2022-07-27T04:02:22Z INFO  sra_search] Processed 288000 search sigs
[2022-07-27T04:03:15Z INFO  sra_search] Processed 289000 search sigs
[2022-07-27T04:04:10Z INFO  sra_search] Processed 290000 search sigs
[2022-07-27T04:05:12Z INFO  sra_search] Processed 291000 search sigs
[2022-07-27T04:06:27Z INFO  sra_search] Processed 292000 search sigs
[2022-07-27T04:07:31Z INFO  sra_search] Processed 293000 search sigs
[2022-07-27T04:08:27Z INFO  sra_search] Processed 294000 search sigs
[2022-07-27T04:09:33Z INFO  sra_search] Processed 295000 search sigs
[2022-07-27T04:10:36Z INFO  sra_search] Processed 296000 search sigs
[2022-07-27T04:11:37Z INFO  sra_search] Processed 297000 search sigs
[2022-07-27T04:12:39Z INFO  sra_search] Processed 298000 search sigs
[2022-07-27T04:13:41Z INFO  sra_search] Processed 299000 search sigs
[2022-07-27T04:14:41Z INFO  sra_search] Processed 300000 search sigs
[2022-07-27T04:15:43Z INFO  sra_search] Processed 301000 search sigs
[2022-07-27T04:16:43Z INFO  sra_search] Processed 302000 search sigs
[2022-07-27T04:17:54Z INFO  sra_search] Processed 303000 search sigs
[2022-07-27T04:18:54Z INFO  sra_search] Processed 304000 search sigs
[2022-07-27T04:20:02Z INFO  sra_search] Processed 305000 search sigs
[2022-07-27T04:20:51Z INFO  sra_search] Processed 306000 search sigs
[2022-07-27T04:21:52Z INFO  sra_search] Processed 307000 search sigs
[2022-07-27T04:22:56Z INFO  sra_search] Processed 308000 search sigs
[2022-07-27T04:23:55Z INFO  sra_search] Processed 309000 search sigs
[2022-07-27T04:24:59Z INFO  sra_search] Processed 310000 search sigs
[2022-07-27T04:25:55Z INFO  sra_search] Processed 311000 search sigs
[2022-07-27T04:27:07Z INFO  sra_search] Processed 312000 search sigs
[2022-07-27T04:28:05Z INFO  sra_search] Processed 313000 search sigs
[2022-07-27T04:29:13Z INFO  sra_search] Processed 314000 search sigs
[2022-07-27T04:30:26Z INFO  sra_search] Processed 315000 search sigs
[2022-07-27T04:31:31Z INFO  sra_search] Processed 316000 search sigs
[2022-07-27T04:32:44Z INFO  sra_search] Processed 317000 search sigs
[2022-07-27T04:33:47Z INFO  sra_search] Processed 318000 search sigs
[2022-07-27T04:34:36Z INFO  sra_search] Processed 319000 search sigs
[2022-07-27T04:35:40Z INFO  sra_search] Processed 320000 search sigs
[2022-07-27T04:36:46Z INFO  sra_search] Processed 321000 search sigs
[2022-07-27T04:37:47Z INFO  sra_search] Processed 322000 search sigs
[2022-07-27T04:38:33Z INFO  sra_search] Processed 323000 search sigs
[2022-07-27T04:39:34Z INFO  sra_search] Processed 324000 search sigs
[2022-07-27T04:40:32Z INFO  sra_search] Processed 325000 search sigs
[2022-07-27T04:41:32Z INFO  sra_search] Processed 326000 search sigs
[2022-07-27T04:42:30Z INFO  sra_search] Processed 327000 search sigs
[2022-07-27T04:43:26Z INFO  sra_search] Processed 328000 search sigs
[2022-07-27T04:44:22Z INFO  sra_search] Processed 329000 search sigs
[2022-07-27T04:45:18Z INFO  sra_search] Processed 330000 search sigs
[2022-07-27T04:46:16Z INFO  sra_search] Processed 331000 search sigs
[2022-07-27T04:47:15Z INFO  sra_search] Processed 332000 search sigs
[2022-07-27T04:48:22Z INFO  sra_search] Processed 333000 search sigs
[2022-07-27T04:49:36Z INFO  sra_search] Processed 334000 search sigs
[2022-07-27T04:50:47Z INFO  sra_search] Processed 335000 search sigs
[2022-07-27T04:51:43Z INFO  sra_search] Processed 336000 search sigs
[2022-07-27T04:52:39Z INFO  sra_search] Processed 337000 search sigs
[2022-07-27T04:53:39Z INFO  sra_search] Processed 338000 search sigs
[2022-07-27T04:54:33Z INFO  sra_search] Processed 339000 search sigs
[2022-07-27T04:55:33Z INFO  sra_search] Processed 340000 search sigs
[2022-07-27T04:56:31Z INFO  sra_search] Processed 341000 search sigs
[2022-07-27T04:57:31Z INFO  sra_search] Processed 342000 search sigs
[2022-07-27T04:58:34Z INFO  sra_search] Processed 343000 search sigs
[2022-07-27T04:59:38Z INFO  sra_search] Processed 344000 search sigs
[2022-07-27T05:00:35Z INFO  sra_search] Processed 345000 search sigs
[2022-07-27T05:01:39Z INFO  sra_search] Processed 346000 search sigs
[2022-07-27T05:02:35Z INFO  sra_search] Processed 347000 search sigs
[2022-07-27T05:03:39Z INFO  sra_search] Processed 348000 search sigs
[2022-07-27T05:04:47Z INFO  sra_search] Processed 349000 search sigs
[2022-07-27T05:06:00Z INFO  sra_search] Processed 350000 search sigs
[2022-07-27T05:06:58Z INFO  sra_search] Processed 351000 search sigs
[2022-07-27T05:07:56Z INFO  sra_search] Processed 352000 search sigs
[2022-07-27T05:08:54Z INFO  sra_search] Processed 353000 search sigs
[2022-07-27T05:09:59Z INFO  sra_search] Processed 354000 search sigs
[2022-07-27T05:11:01Z INFO  sra_search] Processed 355000 search sigs
[2022-07-27T05:12:05Z INFO  sra_search] Processed 356000 search sigs
[2022-07-27T05:13:09Z INFO  sra_search] Processed 357000 search sigs
[2022-07-27T05:14:07Z INFO  sra_search] Processed 358000 search sigs
[2022-07-27T05:15:11Z INFO  sra_search] Processed 359000 search sigs
[2022-07-27T05:16:11Z INFO  sra_search] Processed 360000 search sigs
[2022-07-27T05:17:25Z INFO  sra_search] Processed 361000 search sigs
[2022-07-27T05:18:34Z INFO  sra_search] Processed 362000 search sigs
[2022-07-27T05:19:31Z INFO  sra_search] Processed 363000 search sigs
[2022-07-27T05:20:29Z INFO  sra_search] Processed 364000 search sigs
[2022-07-27T05:21:34Z INFO  sra_search] Processed 365000 search sigs
[2022-07-27T05:22:43Z INFO  sra_search] Processed 366000 search sigs
[2022-07-27T05:23:46Z INFO  sra_search] Processed 367000 search sigs
[2022-07-27T05:24:53Z INFO  sra_search] Processed 368000 search sigs
[2022-07-27T05:26:05Z INFO  sra_search] Processed 369000 search sigs
[2022-07-27T05:27:00Z INFO  sra_search] Processed 370000 search sigs
[2022-07-27T05:28:08Z INFO  sra_search] Processed 371000 search sigs
[2022-07-27T05:29:13Z INFO  sra_search] Processed 372000 search sigs
[2022-07-27T05:30:13Z INFO  sra_search] Processed 373000 search sigs
[2022-07-27T05:31:17Z INFO  sra_search] Processed 374000 search sigs
[2022-07-27T05:32:28Z INFO  sra_search] Processed 375000 search sigs
[2022-07-27T05:33:26Z INFO  sra_search] Processed 376000 search sigs
[2022-07-27T05:34:40Z INFO  sra_search] Processed 377000 search sigs
[2022-07-27T05:35:52Z INFO  sra_search] Processed 378000 search sigs
[2022-07-27T05:36:55Z INFO  sra_search] Processed 379000 search sigs
[2022-07-27T05:37:59Z INFO  sra_search] Processed 380000 search sigs
[2022-07-27T05:38:56Z INFO  sra_search] Processed 381000 search sigs
[2022-07-27T05:40:01Z INFO  sra_search] Processed 382000 search sigs
[2022-07-27T05:41:03Z INFO  sra_search] Processed 383000 search sigs
[2022-07-27T05:42:08Z INFO  sra_search] Processed 384000 search sigs
[2022-07-27T05:43:00Z INFO  sra_search] Processed 385000 search sigs
[2022-07-27T05:44:13Z INFO  sra_search] Processed 386000 search sigs
[2022-07-27T05:45:22Z INFO  sra_search] Processed 387000 search sigs
[2022-07-27T05:46:30Z INFO  sra_search] Processed 388000 search sigs
[2022-07-27T05:47:31Z INFO  sra_search] Processed 389000 search sigs
[2022-07-27T05:48:30Z INFO  sra_search] Processed 390000 search sigs
[2022-07-27T05:49:30Z INFO  sra_search] Processed 391000 search sigs
[2022-07-27T05:50:31Z INFO  sra_search] Processed 392000 search sigs
[2022-07-27T05:51:34Z INFO  sra_search] Processed 393000 search sigs
[2022-07-27T05:52:36Z INFO  sra_search] Processed 394000 search sigs
[2022-07-27T05:53:36Z INFO  sra_search] Processed 395000 search sigs
[2022-07-27T05:54:41Z INFO  sra_search] Processed 396000 search sigs
[2022-07-27T05:55:42Z INFO  sra_search] Processed 397000 search sigs
[2022-07-27T05:56:54Z INFO  sra_search] Processed 398000 search sigs
[2022-07-27T05:57:40Z INFO  sra_search] Processed 399000 search sigs
[2022-07-27T05:58:33Z INFO  sra_search] Processed 400000 search sigs
[2022-07-27T05:59:33Z INFO  sra_search] Processed 401000 search sigs
[2022-07-27T06:00:31Z INFO  sra_search] Processed 402000 search sigs
[2022-07-27T06:01:25Z INFO  sra_search] Processed 403000 search sigs
[2022-07-27T06:02:30Z INFO  sra_search] Processed 404000 search sigs
[2022-07-27T06:03:27Z INFO  sra_search] Processed 405000 search sigs
[2022-07-27T06:04:22Z INFO  sra_search] Processed 406000 search sigs
[2022-07-27T06:05:07Z INFO  sra_search] Processed 407000 search sigs
[2022-07-27T06:05:57Z INFO  sra_search] Processed 408000 search sigs
[2022-07-27T06:06:55Z INFO  sra_search] Processed 409000 search sigs
[2022-07-27T06:07:54Z INFO  sra_search] Processed 410000 search sigs
[2022-07-27T06:08:51Z INFO  sra_search] Processed 411000 search sigs
[2022-07-27T06:09:57Z INFO  sra_search] Processed 412000 search sigs
[2022-07-27T06:11:04Z INFO  sra_search] Processed 413000 search sigs
[2022-07-27T06:12:09Z INFO  sra_search] Processed 414000 search sigs
[2022-07-27T06:13:05Z INFO  sra_search] Processed 415000 search sigs
[2022-07-27T06:13:59Z INFO  sra_search] Processed 416000 search sigs
[2022-07-27T06:14:56Z INFO  sra_search] Processed 417000 search sigs
[2022-07-27T06:15:54Z INFO  sra_search] Processed 418000 search sigs
[2022-07-27T06:16:55Z INFO  sra_search] Processed 419000 search sigs
[2022-07-27T06:17:59Z INFO  sra_search] Processed 420000 search sigs
[2022-07-27T06:19:02Z INFO  sra_search] Processed 421000 search sigs
[2022-07-27T06:19:55Z INFO  sra_search] Processed 422000 search sigs
[2022-07-27T06:20:57Z INFO  sra_search] Processed 423000 search sigs
[2022-07-27T06:21:49Z INFO  sra_search] Processed 424000 search sigs
[2022-07-27T06:22:48Z INFO  sra_search] Processed 425000 search sigs
[2022-07-27T06:24:04Z INFO  sra_search] Processed 426000 search sigs
[2022-07-27T06:25:13Z INFO  sra_search] Processed 427000 search sigs
[2022-07-27T06:26:21Z INFO  sra_search] Processed 428000 search sigs
[2022-07-27T06:27:17Z INFO  sra_search] Processed 429000 search sigs
[2022-07-27T06:28:27Z INFO  sra_search] Processed 430000 search sigs
[2022-07-27T06:29:29Z INFO  sra_search] Processed 431000 search sigs
[2022-07-27T06:30:36Z INFO  sra_search] Processed 432000 search sigs
[2022-07-27T06:31:39Z INFO  sra_search] Processed 433000 search sigs
[2022-07-27T06:32:40Z INFO  sra_search] Processed 434000 search sigs
[2022-07-27T06:33:44Z INFO  sra_search] Processed 435000 search sigs
[2022-07-27T06:34:46Z INFO  sra_search] Processed 436000 search sigs
[2022-07-27T06:35:46Z INFO  sra_search] Processed 437000 search sigs
[2022-07-27T06:36:47Z INFO  sra_search] Processed 438000 search sigs
[2022-07-27T06:37:53Z INFO  sra_search] Processed 439000 search sigs
[2022-07-27T06:38:56Z INFO  sra_search] Processed 440000 search sigs
[2022-07-27T06:39:48Z INFO  sra_search] Processed 441000 search sigs
[2022-07-27T06:40:54Z INFO  sra_search] Processed 442000 search sigs
[2022-07-27T06:41:42Z INFO  sra_search] Processed 443000 search sigs
[2022-07-27T06:42:38Z INFO  sra_search] Processed 444000 search sigs
[2022-07-27T06:43:31Z INFO  sra_search] Processed 445000 search sigs
[2022-07-27T06:44:39Z INFO  sra_search] Processed 446000 search sigs
[2022-07-27T06:45:33Z INFO  sra_search] Processed 447000 search sigs
[2022-07-27T06:46:40Z INFO  sra_search] Processed 448000 search sigs
[2022-07-27T06:47:49Z INFO  sra_search] Processed 449000 search sigs
[2022-07-27T06:48:45Z INFO  sra_search] Processed 450000 search sigs
[2022-07-27T06:49:42Z INFO  sra_search] Processed 451000 search sigs
[2022-07-27T06:50:49Z INFO  sra_search] Processed 452000 search sigs
[2022-07-27T06:51:57Z INFO  sra_search] Processed 453000 search sigs
[2022-07-27T06:53:01Z INFO  sra_search] Processed 454000 search sigs
[2022-07-27T06:54:06Z INFO  sra_search] Processed 455000 search sigs
[2022-07-27T06:55:03Z INFO  sra_search] Processed 456000 search sigs
[2022-07-27T06:56:02Z INFO  sra_search] Processed 457000 search sigs
[2022-07-27T06:57:13Z INFO  sra_search] Processed 458000 search sigs
[2022-07-27T06:58:05Z INFO  sra_search] Processed 459000 search sigs
[2022-07-27T06:59:13Z INFO  sra_search] Processed 460000 search sigs
[2022-07-27T07:00:09Z INFO  sra_search] Processed 461000 search sigs
[2022-07-27T07:01:11Z INFO  sra_search] Processed 462000 search sigs
[2022-07-27T07:02:12Z INFO  sra_search] Processed 463000 search sigs
[2022-07-27T07:03:11Z INFO  sra_search] Processed 464000 search sigs
[2022-07-27T07:04:05Z INFO  sra_search] Processed 465000 search sigs
[2022-07-27T07:05:07Z INFO  sra_search] Processed 466000 search sigs
[2022-07-27T07:06:03Z INFO  sra_search] Processed 467000 search sigs
[2022-07-27T07:07:07Z INFO  sra_search] Processed 468000 search sigs
[2022-07-27T07:08:07Z INFO  sra_search] Processed 469000 search sigs
[2022-07-27T07:09:02Z INFO  sra_search] Processed 470000 search sigs
[2022-07-27T07:10:07Z INFO  sra_search] Processed 471000 search sigs
[2022-07-27T07:10:53Z INFO  sra_search] Processed 472000 search sigs
[2022-07-27T07:11:45Z INFO  sra_search] Processed 473000 search sigs
[2022-07-27T07:12:35Z INFO  sra_search] Processed 474000 search sigs
[2022-07-27T07:13:28Z INFO  sra_search] Processed 475000 search sigs
[2022-07-27T07:14:22Z INFO  sra_search] Processed 476000 search sigs
[2022-07-27T07:15:22Z INFO  sra_search] Processed 477000 search sigs
[2022-07-27T07:16:28Z INFO  sra_search] Processed 478000 search sigs
[2022-07-27T07:17:35Z INFO  sra_search] Processed 479000 search sigs
[2022-07-27T07:18:41Z INFO  sra_search] Processed 480000 search sigs
[2022-07-27T07:19:31Z INFO  sra_search] Processed 481000 search sigs
[2022-07-27T07:20:29Z INFO  sra_search] Processed 482000 search sigs
[2022-07-27T07:21:38Z INFO  sra_search] Processed 483000 search sigs
[2022-07-27T07:22:42Z INFO  sra_search] Processed 484000 search sigs
[2022-07-27T07:23:45Z INFO  sra_search] Processed 485000 search sigs
[2022-07-27T07:25:03Z INFO  sra_search] Processed 486000 search sigs
[2022-07-27T07:26:06Z INFO  sra_search] Processed 487000 search sigs
[2022-07-27T07:27:05Z INFO  sra_search] Processed 488000 search sigs
[2022-07-27T07:28:21Z INFO  sra_search] Processed 489000 search sigs
[2022-07-27T07:29:17Z INFO  sra_search] Processed 490000 search sigs
[2022-07-27T07:30:19Z INFO  sra_search] Processed 491000 search sigs
[2022-07-27T07:31:21Z INFO  sra_search] Processed 492000 search sigs
[2022-07-27T07:32:15Z INFO  sra_search] Processed 493000 search sigs
[2022-07-27T07:33:15Z INFO  sra_search] Processed 494000 search sigs
[2022-07-27T07:34:13Z INFO  sra_search] Processed 495000 search sigs
[2022-07-27T07:35:12Z INFO  sra_search] Processed 496000 search sigs
[2022-07-27T07:36:03Z INFO  sra_search] Processed 497000 search sigs
[2022-07-27T07:37:06Z INFO  sra_search] Processed 498000 search sigs
[2022-07-27T07:38:10Z INFO  sra_search] Processed 499000 search sigs
[2022-07-27T07:39:00Z INFO  sra_search] Processed 500000 search sigs
[2022-07-27T07:40:00Z INFO  sra_search] Processed 501000 search sigs
[2022-07-27T07:40:57Z INFO  sra_search] Processed 502000 search sigs
[2022-07-27T07:41:44Z INFO  sra_search] Processed 503000 search sigs
[2022-07-27T07:42:40Z INFO  sra_search] Processed 504000 search sigs
[2022-07-27T07:43:45Z INFO  sra_search] Processed 505000 search sigs
[2022-07-27T07:44:56Z INFO  sra_search] Processed 506000 search sigs
[2022-07-27T07:45:59Z INFO  sra_search] Processed 507000 search sigs
[2022-07-27T07:47:04Z INFO  sra_search] Processed 508000 search sigs
[2022-07-27T07:48:02Z INFO  sra_search] Processed 509000 search sigs
[2022-07-27T07:49:05Z INFO  sra_search] Processed 510000 search sigs
[2022-07-27T07:50:21Z INFO  sra_search] Processed 511000 search sigs
[2022-07-27T07:51:14Z INFO  sra_search] Processed 512000 search sigs
[2022-07-27T07:52:09Z INFO  sra_search] Processed 513000 search sigs
[2022-07-27T07:53:33Z INFO  sra_search] Processed 514000 search sigs
[2022-07-27T07:54:36Z INFO  sra_search] Processed 515000 search sigs
[2022-07-27T07:55:46Z INFO  sra_search] Processed 516000 search sigs
[2022-07-27T07:56:47Z INFO  sra_search] Processed 517000 search sigs
[2022-07-27T07:57:58Z INFO  sra_search] Processed 518000 search sigs
[2022-07-27T07:59:12Z INFO  sra_search] Processed 519000 search sigs
[2022-07-27T08:00:24Z INFO  sra_search] Processed 520000 search sigs
[2022-07-27T08:01:21Z INFO  sra_search] Processed 521000 search sigs
[2022-07-27T08:02:31Z INFO  sra_search] Processed 522000 search sigs
[2022-07-27T08:03:40Z INFO  sra_search] Processed 523000 search sigs
[2022-07-27T08:04:44Z INFO  sra_search] Processed 524000 search sigs
[2022-07-27T08:05:34Z INFO  sra_search] Processed 525000 search sigs
[2022-07-27T08:06:29Z INFO  sra_search] Processed 526000 search sigs
[2022-07-27T08:07:34Z INFO  sra_search] Processed 527000 search sigs
[2022-07-27T08:08:40Z INFO  sra_search] Processed 528000 search sigs
[2022-07-27T08:09:41Z INFO  sra_search] Processed 529000 search sigs
[2022-07-27T08:10:39Z INFO  sra_search] Processed 530000 search sigs
[2022-07-27T08:11:37Z INFO  sra_search] Processed 531000 search sigs
[2022-07-27T08:12:31Z INFO  sra_search] Processed 532000 search sigs
[2022-07-27T08:13:18Z INFO  sra_search] Processed 533000 search sigs
[2022-07-27T08:14:22Z INFO  sra_search] Processed 534000 search sigs
[2022-07-27T08:15:19Z INFO  sra_search] Processed 535000 search sigs
[2022-07-27T08:16:14Z INFO  sra_search] Processed 536000 search sigs
[2022-07-27T08:17:06Z INFO  sra_search] Processed 537000 search sigs
[2022-07-27T08:18:12Z INFO  sra_search] Processed 538000 search sigs
[2022-07-27T08:19:03Z INFO  sra_search] Processed 539000 search sigs
[2022-07-27T08:20:00Z INFO  sra_search] Processed 540000 search sigs
[2022-07-27T08:20:53Z INFO  sra_search] Processed 541000 search sigs
[2022-07-27T08:21:59Z INFO  sra_search] Processed 542000 search sigs
[2022-07-27T08:23:01Z INFO  sra_search] Processed 543000 search sigs
[2022-07-27T08:24:09Z INFO  sra_search] Processed 544000 search sigs
[2022-07-27T08:25:29Z INFO  sra_search] Processed 545000 search sigs
[2022-07-27T08:26:40Z INFO  sra_search] Processed 546000 search sigs
[2022-07-27T08:27:48Z INFO  sra_search] Processed 547000 search sigs
[2022-07-27T08:28:55Z INFO  sra_search] Processed 548000 search sigs
[2022-07-27T08:29:53Z INFO  sra_search] Processed 549000 search sigs
[2022-07-27T08:31:04Z INFO  sra_search] Processed 550000 search sigs
[2022-07-27T08:32:26Z INFO  sra_search] Processed 551000 search sigs
[2022-07-27T08:33:39Z INFO  sra_search] Processed 552000 search sigs
[2022-07-27T08:34:44Z INFO  sra_search] Processed 553000 search sigs
[2022-07-27T08:35:59Z INFO  sra_search] Processed 554000 search sigs
[2022-07-27T08:37:14Z INFO  sra_search] Processed 555000 search sigs
[2022-07-27T08:38:29Z INFO  sra_search] Processed 556000 search sigs
[2022-07-27T08:39:32Z INFO  sra_search] Processed 557000 search sigs
[2022-07-27T08:40:46Z INFO  sra_search] Processed 558000 search sigs
[2022-07-27T08:41:55Z INFO  sra_search] Processed 559000 search sigs
[2022-07-27T08:42:59Z INFO  sra_search] Processed 560000 search sigs
[2022-07-27T08:44:16Z INFO  sra_search] Processed 561000 search sigs
[2022-07-27T08:45:37Z INFO  sra_search] Processed 562000 search sigs
[2022-07-27T08:46:57Z INFO  sra_search] Processed 563000 search sigs
[2022-07-27T08:48:01Z INFO  sra_search] Processed 564000 search sigs
[2022-07-27T08:49:05Z INFO  sra_search] Processed 565000 search sigs
[2022-07-27T08:50:17Z INFO  sra_search] Processed 566000 search sigs
[2022-07-27T08:51:25Z INFO  sra_search] Processed 567000 search sigs
[2022-07-27T08:52:31Z INFO  sra_search] Processed 568000 search sigs
[2022-07-27T08:53:39Z INFO  sra_search] Processed 569000 search sigs
[2022-07-27T08:54:44Z INFO  sra_search] Processed 570000 search sigs
[2022-07-27T08:55:45Z INFO  sra_search] Processed 571000 search sigs
[2022-07-27T08:56:49Z INFO  sra_search] Processed 572000 search sigs
[2022-07-27T08:57:58Z INFO  sra_search] Processed 573000 search sigs
[2022-07-27T08:59:06Z INFO  sra_search] Processed 574000 search sigs
[2022-07-27T09:00:12Z INFO  sra_search] Processed 575000 search sigs
[2022-07-27T09:01:22Z INFO  sra_search] Processed 576000 search sigs
[2022-07-27T09:02:33Z INFO  sra_search] Processed 577000 search sigs
[2022-07-27T09:03:49Z INFO  sra_search] Processed 578000 search sigs
[2022-07-27T09:04:52Z INFO  sra_search] Processed 579000 search sigs
[2022-07-27T09:05:52Z INFO  sra_search] Processed 580000 search sigs
[2022-07-27T09:06:58Z INFO  sra_search] Processed 581000 search sigs
[2022-07-27T09:08:08Z INFO  sra_search] Processed 582000 search sigs
[2022-07-27T09:09:21Z INFO  sra_search] Processed 583000 search sigs
[2022-07-27T09:10:42Z INFO  sra_search] Processed 584000 search sigs
[2022-07-27T09:11:56Z INFO  sra_search] Processed 585000 search sigs
[2022-07-27T09:13:04Z INFO  sra_search] Processed 586000 search sigs
[2022-07-27T09:14:20Z INFO  sra_search] Processed 587000 search sigs
[2022-07-27T09:15:18Z INFO  sra_search] Processed 588000 search sigs
[2022-07-27T09:16:20Z INFO  sra_search] Processed 589000 search sigs
[2022-07-27T09:17:21Z INFO  sra_search] Processed 590000 search sigs
[2022-07-27T09:18:35Z INFO  sra_search] Processed 591000 search sigs
[2022-07-27T09:19:43Z INFO  sra_search] Processed 592000 search sigs
[2022-07-27T09:20:52Z INFO  sra_search] Processed 593000 search sigs
[2022-07-27T09:22:11Z INFO  sra_search] Processed 594000 search sigs
[2022-07-27T09:23:29Z INFO  sra_search] Processed 595000 search sigs
[2022-07-27T09:24:39Z INFO  sra_search] Processed 596000 search sigs
[2022-07-27T09:25:53Z INFO  sra_search] Processed 597000 search sigs
[2022-07-27T09:27:17Z INFO  sra_search] Processed 598000 search sigs
[2022-07-27T09:28:27Z INFO  sra_search] Processed 599000 search sigs
[2022-07-27T09:29:44Z INFO  sra_search] Processed 600000 search sigs
[2022-07-27T09:31:05Z INFO  sra_search] Processed 601000 search sigs
[2022-07-27T09:32:23Z INFO  sra_search] Processed 602000 search sigs
[2022-07-27T09:33:39Z INFO  sra_search] Processed 603000 search sigs
[2022-07-27T09:34:39Z INFO  sra_search] Processed 604000 search sigs
[2022-07-27T09:35:42Z INFO  sra_search] Processed 605000 search sigs
[2022-07-27T09:36:43Z INFO  sra_search] Processed 606000 search sigs
[2022-07-27T09:38:05Z INFO  sra_search] Processed 607000 search sigs
[2022-07-27T09:39:08Z INFO  sra_search] Processed 608000 search sigs
[2022-07-27T09:40:09Z INFO  sra_search] Processed 609000 search sigs
[2022-07-27T09:41:17Z INFO  sra_search] Processed 610000 search sigs
[2022-07-27T09:42:24Z INFO  sra_search] Processed 611000 search sigs
[2022-07-27T09:43:43Z INFO  sra_search] Processed 612000 search sigs
[2022-07-27T09:44:48Z INFO  sra_search] Processed 613000 search sigs
[2022-07-27T09:45:58Z INFO  sra_search] Processed 614000 search sigs
[2022-07-27T09:47:01Z INFO  sra_search] Processed 615000 search sigs
[2022-07-27T09:48:03Z INFO  sra_search] Processed 616000 search sigs
[2022-07-27T09:49:15Z INFO  sra_search] Processed 617000 search sigs
[2022-07-27T09:50:20Z INFO  sra_search] Processed 618000 search sigs
[2022-07-27T09:51:28Z INFO  sra_search] Processed 619000 search sigs
[2022-07-27T09:52:37Z INFO  sra_search] Processed 620000 search sigs
[2022-07-27T09:54:00Z INFO  sra_search] Processed 621000 search sigs
[2022-07-27T09:55:10Z INFO  sra_search] Processed 622000 search sigs
[2022-07-27T09:56:21Z INFO  sra_search] Processed 623000 search sigs
[2022-07-27T09:57:19Z INFO  sra_search] Processed 624000 search sigs
[2022-07-27T09:58:28Z INFO  sra_search] Processed 625000 search sigs
[2022-07-27T09:59:27Z INFO  sra_search] Processed 626000 search sigs
[2022-07-27T10:00:37Z INFO  sra_search] Processed 627000 search sigs
[2022-07-27T10:01:34Z INFO  sra_search] Processed 628000 search sigs
[2022-07-27T10:02:40Z INFO  sra_search] Processed 629000 search sigs
[2022-07-27T10:03:55Z INFO  sra_search] Processed 630000 search sigs
[2022-07-27T10:04:59Z INFO  sra_search] Processed 631000 search sigs
[2022-07-27T10:05:59Z INFO  sra_search] Processed 632000 search sigs
[2022-07-27T10:07:05Z INFO  sra_search] Processed 633000 search sigs
[2022-07-27T10:08:14Z INFO  sra_search] Processed 634000 search sigs
[2022-07-27T10:09:18Z INFO  sra_search] Processed 635000 search sigs
[2022-07-27T10:10:26Z INFO  sra_search] Processed 636000 search sigs
[2022-07-27T10:11:29Z INFO  sra_search] Processed 637000 search sigs
[2022-07-27T10:12:40Z INFO  sra_search] Processed 638000 search sigs
[2022-07-27T10:13:45Z INFO  sra_search] Processed 639000 search sigs
[2022-07-27T10:14:57Z INFO  sra_search] Processed 640000 search sigs
[2022-07-27T10:16:15Z INFO  sra_search] Processed 641000 search sigs
[2022-07-27T10:17:21Z INFO  sra_search] Processed 642000 search sigs
[2022-07-27T10:18:18Z INFO  sra_search] Processed 643000 search sigs
[2022-07-27T10:19:25Z INFO  sra_search] Processed 644000 search sigs
[2022-07-27T10:20:31Z INFO  sra_search] Processed 645000 search sigs
[2022-07-27T10:21:40Z INFO  sra_search] Processed 646000 search sigs
[2022-07-27T10:22:54Z INFO  sra_search] Processed 647000 search sigs
[2022-07-27T10:23:57Z INFO  sra_search] Processed 648000 search sigs
[2022-07-27T10:24:48Z INFO  sra_search] Processed 649000 search sigs
[2022-07-27T10:25:45Z INFO  sra_search] Processed 650000 search sigs
[2022-07-27T10:27:02Z INFO  sra_search] Processed 651000 search sigs
[2022-07-27T10:28:09Z INFO  sra_search] Processed 652000 search sigs
[2022-07-27T10:29:19Z INFO  sra_search] Processed 653000 search sigs
[2022-07-27T10:30:37Z INFO  sra_search] Processed 654000 search sigs
[2022-07-27T10:31:53Z INFO  sra_search] Processed 655000 search sigs
[2022-07-27T10:33:18Z INFO  sra_search] Processed 656000 search sigs
[2022-07-27T10:34:32Z INFO  sra_search] Processed 657000 search sigs
thread '<unnamed>' panicked at 'Error processing "/group/ctbrowngrp/irber/data/wort-data/wort-sra/sigs/ERR1248659.sig"', src/main.rs:125:37
note: run with `RUST_BACKTRACE=1` environment variable to display a backtrace
[2022-07-27T10:35:32Z INFO  sra_search] Processed 658000 search sigs
[2022-07-27T10:36:29Z INFO  sra_search] Processed 659000 search sigs
[2022-07-27T10:37:34Z INFO  sra_search] Processed 660000 search sigs
[2022-07-27T10:38:39Z INFO  sra_search] Processed 661000 search sigs
[2022-07-27T10:39:43Z INFO  sra_search] Processed 662000 search sigs
[2022-07-27T10:41:01Z INFO  sra_search] Processed 663000 search sigs
[2022-07-27T10:42:08Z INFO  sra_search] Processed 664000 search sigs
[2022-07-27T10:43:14Z INFO  sra_search] Processed 665000 search sigs
[2022-07-27T10:44:18Z INFO  sra_search] Processed 666000 search sigs
[2022-07-27T10:45:34Z INFO  sra_search] Processed 667000 search sigs
[2022-07-27T10:46:58Z INFO  sra_search] Processed 668000 search sigs
[2022-07-27T10:48:08Z INFO  sra_search] Processed 669000 search sigs
[2022-07-27T10:49:11Z INFO  sra_search] Processed 670000 search sigs
[2022-07-27T10:50:43Z INFO  sra_search] Processed 671000 search sigs
[2022-07-27T10:51:53Z INFO  sra_search] Processed 672000 search sigs
[2022-07-27T10:52:53Z INFO  sra_search] Processed 673000 search sigs
[2022-07-27T10:54:01Z INFO  sra_search] Processed 674000 search sigs
[2022-07-27T10:55:08Z INFO  sra_search] Processed 675000 search sigs
[2022-07-27T10:56:12Z INFO  sra_search] Processed 676000 search sigs
[2022-07-27T10:57:17Z INFO  sra_search] Processed 677000 search sigs
[2022-07-27T10:58:21Z INFO  sra_search] Processed 678000 search sigs
[2022-07-27T10:59:34Z INFO  sra_search] Processed 679000 search sigs
[2022-07-27T11:00:32Z INFO  sra_search] Processed 680000 search sigs
[2022-07-27T11:01:35Z INFO  sra_search] Processed 681000 search sigs
[2022-07-27T11:02:29Z INFO  sra_search] Processed 682000 search sigs
[2022-07-27T11:03:27Z INFO  sra_search] Processed 683000 search sigs
[2022-07-27T11:04:34Z INFO  sra_search] Processed 684000 search sigs
[2022-07-27T11:05:33Z INFO  sra_search] Processed 685000 search sigs
[2022-07-27T11:06:40Z INFO  sra_search] Processed 686000 search sigs
[2022-07-27T11:07:51Z INFO  sra_search] Processed 687000 search sigs
[2022-07-27T11:09:04Z INFO  sra_search] Processed 688000 search sigs
[2022-07-27T11:10:10Z INFO  sra_search] Processed 689000 search sigs
[2022-07-27T11:11:10Z INFO  sra_search] Processed 690000 search sigs
[2022-07-27T11:12:15Z INFO  sra_search] Processed 691000 search sigs
[2022-07-27T11:13:26Z INFO  sra_search] Processed 692000 search sigs
[2022-07-27T11:14:34Z INFO  sra_search] Processed 693000 search sigs
[2022-07-27T11:15:31Z INFO  sra_search] Processed 694000 search sigs
[2022-07-27T11:16:48Z INFO  sra_search] Processed 695000 search sigs
[2022-07-27T11:18:13Z INFO  sra_search] Processed 696000 search sigs
[2022-07-27T11:19:16Z INFO  sra_search] Processed 697000 search sigs
[2022-07-27T11:20:20Z INFO  sra_search] Processed 698000 search sigs
[2022-07-27T11:21:23Z INFO  sra_search] Processed 699000 search sigs
[2022-07-27T11:22:21Z INFO  sra_search] Processed 700000 search sigs
[2022-07-27T11:23:12Z INFO  sra_search] Processed 701000 search sigs
[2022-07-27T11:24:13Z INFO  sra_search] Processed 702000 search sigs
[2022-07-27T11:25:23Z INFO  sra_search] Processed 703000 search sigs
[2022-07-27T11:26:49Z INFO  sra_search] Processed 704000 search sigs
[2022-07-27T11:27:57Z INFO  sra_search] Processed 705000 search sigs
[2022-07-27T11:29:00Z INFO  sra_search] Processed 706000 search sigs
[2022-07-27T11:30:10Z INFO  sra_search] Processed 707000 search sigs
[2022-07-27T11:31:33Z INFO  sra_search] Processed 708000 search sigs
[2022-07-27T11:32:32Z INFO  sra_search] Processed 709000 search sigs
[2022-07-27T11:33:36Z INFO  sra_search] Processed 710000 search sigs
[2022-07-27T11:34:38Z INFO  sra_search] Processed 711000 search sigs
[2022-07-27T11:35:54Z INFO  sra_search] Processed 712000 search sigs
[2022-07-27T11:36:57Z INFO  sra_search] Processed 713000 search sigs
[2022-07-27T11:38:05Z INFO  sra_search] Processed 714000 search sigs
[2022-07-27T11:39:11Z INFO  sra_search] Processed 715000 search sigs
[2022-07-27T11:40:26Z INFO  sra_search] Processed 716000 search sigs
[2022-07-27T11:41:31Z INFO  sra_search] Processed 717000 search sigs
[2022-07-27T11:42:35Z INFO  sra_search] Processed 718000 search sigs
[2022-07-27T11:43:38Z INFO  sra_search] Processed 719000 search sigs
[2022-07-27T11:44:53Z INFO  sra_search] Processed 720000 search sigs
[2022-07-27T11:46:08Z INFO  sra_search] Processed 721000 search sigs
[2022-07-27T11:47:21Z INFO  sra_search] Processed 722000 search sigs
[2022-07-27T11:48:36Z INFO  sra_search] Processed 723000 search sigs
[2022-07-27T11:49:32Z INFO  sra_search] Processed 724000 search sigs
[2022-07-27T11:50:36Z INFO  sra_search] Processed 725000 search sigs
[2022-07-27T11:51:32Z INFO  sra_search] Processed 726000 search sigs
[2022-07-27T11:52:38Z INFO  sra_search] Processed 727000 search sigs
[2022-07-27T11:53:35Z INFO  sra_search] Processed 728000 search sigs
[2022-07-27T11:54:42Z INFO  sra_search] Processed 729000 search sigs
[2022-07-27T11:55:47Z INFO  sra_search] Processed 730000 search sigs
[2022-07-27T11:56:43Z INFO  sra_search] Processed 731000 search sigs
[2022-07-27T11:57:45Z INFO  sra_search] Processed 732000 search sigs
[2022-07-27T11:58:56Z INFO  sra_search] Processed 733000 search sigs
[2022-07-27T12:00:09Z INFO  sra_search] Processed 734000 search sigs
[2022-07-27T12:01:20Z INFO  sra_search] Processed 735000 search sigs
[2022-07-27T12:02:34Z INFO  sra_search] Processed 736000 search sigs
[2022-07-27T12:03:36Z INFO  sra_search] Processed 737000 search sigs
[2022-07-27T12:04:34Z INFO  sra_search] Processed 738000 search sigs
[2022-07-27T12:05:39Z INFO  sra_search] Processed 739000 search sigs
[2022-07-27T12:06:48Z INFO  sra_search] Processed 740000 search sigs
[2022-07-27T12:07:58Z INFO  sra_search] Processed 741000 search sigs
[2022-07-27T12:09:02Z INFO  sra_search] Processed 742000 search sigs
[2022-07-27T12:10:04Z INFO  sra_search] Processed 743000 search sigs
[2022-07-27T12:10:58Z INFO  sra_search] Processed 744000 search sigs
[2022-07-27T12:11:56Z INFO  sra_search] Processed 745000 search sigs
[2022-07-27T12:12:56Z INFO  sra_search] Processed 746000 search sigs
[2022-07-27T12:14:08Z INFO  sra_search] Processed 747000 search sigs
[2022-07-27T12:15:06Z INFO  sra_search] Processed 748000 search sigs
[2022-07-27T12:16:08Z INFO  sra_search] Processed 749000 search sigs
[2022-07-27T12:17:15Z INFO  sra_search] Processed 750000 search sigs
[2022-07-27T12:18:11Z INFO  sra_search] Processed 751000 search sigs
[2022-07-27T12:19:19Z INFO  sra_search] Processed 752000 search sigs
[2022-07-27T12:20:13Z INFO  sra_search] Processed 753000 search sigs
[2022-07-27T12:21:10Z INFO  sra_search] Processed 754000 search sigs
[2022-07-27T12:22:09Z INFO  sra_search] Processed 755000 search sigs
[2022-07-27T12:23:13Z INFO  sra_search] Processed 756000 search sigs
[2022-07-27T12:24:24Z INFO  sra_search] Processed 757000 search sigs
[2022-07-27T12:25:24Z INFO  sra_search] Processed 758000 search sigs
[2022-07-27T12:26:22Z INFO  sra_search] Processed 759000 search sigs
[2022-07-27T12:27:21Z INFO  sra_search] Processed 760000 search sigs
[2022-07-27T12:28:31Z INFO  sra_search] Processed 761000 search sigs
[2022-07-27T12:29:40Z INFO  sra_search] Processed 762000 search sigs
[2022-07-27T12:30:56Z INFO  sra_search] Processed 763000 search sigs
[2022-07-27T12:32:08Z INFO  sra_search] Processed 764000 search sigs
[2022-07-27T12:33:17Z INFO  sra_search] Processed 765000 search sigs
[2022-07-27T12:34:22Z INFO  sra_search] Processed 766000 search sigs
[2022-07-27T12:35:32Z INFO  sra_search] Processed 767000 search sigs
